Copyright 1986-2016 Xilinx, Inc. All Rights Reserved.
----------------------------------------------------------------------------------------------------------------------------------------------------------------------------
| Tool Version     : Vivado v.2016.4 (win64) Build 1756540 Mon Jan 23 19:11:23 MST 2017
<<<<<<< HEAD
| Date             : Tue Jun 20 18:12:37 2017
| Host             : LAPTOP-LB22AJFN running 64-bit major release  (build 9200)
=======
| Date             : Tue Jun 20 17:25:22 2017
| Host             : LaptopDiewo running 64-bit major release  (build 9200)
>>>>>>> aa489a11a4d33a010fdff90a8de7d3afb440969a
| Command          : report_power -file Slave_Endpoint_top_power_routed.rpt -pb Slave_Endpoint_top_power_summary_routed.pb -rpx Slave_Endpoint_top_power_routed.rpx
| Design           : Slave_Endpoint_top
| Device           : xc7a100tcsg324-1
| Design State     : routed
| Grade            : commercial
| Process          : typical
| Characterization : Production
----------------------------------------------------------------------------------------------------------------------------------------------------------------------------

Power Report

Table of Contents
-----------------
1. Summary
1.1 On-Chip Components
1.2 Power Supply Summary
1.3 Confidence Level
2. Settings
2.1 Environment
2.2 Clock Constraints
3. Detailed Reports
3.1 By Hierarchy

1. Summary
----------

+--------------------------+-------+
<<<<<<< HEAD
| Total On-Chip Power (W)  | 7.367 |
| Dynamic (W)              | 7.219 |
| Device Static (W)        | 0.147 |
| Effective TJA (C/W)      | 4.6   |
| Max Ambient (C)          | 51.4  |
| Junction Temperature (C) | 58.6  |
=======
| Total On-Chip Power (W)  | 6.718 |
| Dynamic (W)              | 6.579 |
| Device Static (W)        | 0.140 |
| Effective TJA (C/W)      | 4.6   |
| Max Ambient (C)          | 54.3  |
| Junction Temperature (C) | 55.7  |
>>>>>>> aa489a11a4d33a010fdff90a8de7d3afb440969a
| Confidence Level         | Low   |
| Setting File             | ---   |
| Simulation Activity File | ---   |
| Design Nets Matched      | NA    |
+--------------------------+-------+


1.1 On-Chip Components
----------------------

+----------------+-----------+----------+-----------+-----------------+
| On-Chip        | Power (W) | Used     | Available | Utilization (%) |
+----------------+-----------+----------+-----------+-----------------+
<<<<<<< HEAD
| Slice Logic    |     1.043 |      754 |       --- |             --- |
|   LUT as Logic |     0.881 |      317 |     63400 |            0.50 |
|   CARRY4       |     0.099 |       39 |     15850 |            0.25 |
|   Register     |     0.057 |      321 |    126800 |            0.25 |
|   BUFG         |     0.006 |        2 |        32 |            6.25 |
|   Others       |     0.000 |       29 |       --- |             --- |
| Signals        |     0.921 |      609 |       --- |             --- |
| DSPs           |     0.471 |        1 |       240 |            0.42 |
| I/O            |     4.785 |       28 |       210 |           13.33 |
| Static Power   |     0.147 |          |           |                 |
| Total          |     7.367 |          |           |                 |
=======
| Slice Logic    |     0.780 |      603 |       --- |             --- |
|   LUT as Logic |     0.644 |      201 |     63400 |            0.32 |
|   CARRY4       |     0.073 |       25 |     15850 |            0.16 |
|   Register     |     0.057 |      317 |    126800 |            0.25 |
|   BUFG         |     0.006 |        2 |        32 |            6.25 |
|   Others       |     0.000 |       22 |       --- |             --- |
| Signals        |     0.683 |      481 |       --- |             --- |
| I/O            |     5.117 |       28 |       210 |           13.33 |
| Static Power   |     0.140 |          |           |                 |
| Total          |     6.718 |          |           |                 |
>>>>>>> aa489a11a4d33a010fdff90a8de7d3afb440969a
+----------------+-----------+----------+-----------+-----------------+


1.2 Power Supply Summary
------------------------

+-----------+-------------+-----------+-------------+------------+
| Source    | Voltage (V) | Total (A) | Dynamic (A) | Static (A) |
+-----------+-------------+-----------+-------------+------------+
<<<<<<< HEAD
| Vccint    |       1.000 |     2.498 |       2.443 |      0.056 |
| Vccaux    |       1.800 |     0.198 |       0.175 |      0.023 |
| Vcco33    |       3.300 |     1.356 |       1.352 |      0.004 |
=======
| Vccint    |       1.000 |     1.520 |       1.470 |      0.050 |
| Vccaux    |       1.800 |     0.209 |       0.187 |      0.022 |
| Vcco33    |       3.300 |     1.450 |       1.446 |      0.004 |
>>>>>>> aa489a11a4d33a010fdff90a8de7d3afb440969a
| Vcco25    |       2.500 |     0.000 |       0.000 |      0.000 |
| Vcco18    |       1.800 |     0.000 |       0.000 |      0.000 |
| Vcco15    |       1.500 |     0.000 |       0.000 |      0.000 |
| Vcco135   |       1.350 |     0.000 |       0.000 |      0.000 |
| Vcco12    |       1.200 |     0.000 |       0.000 |      0.000 |
| Vccaux_io |       1.800 |     0.000 |       0.000 |      0.000 |
| Vccbram   |       1.000 |     0.001 |       0.000 |      0.001 |
| MGTAVcc   |       1.000 |     0.000 |       0.000 |      0.000 |
| MGTAVtt   |       1.200 |     0.000 |       0.000 |      0.000 |
| Vccadc    |       1.800 |     0.020 |       0.000 |      0.020 |
+-----------+-------------+-----------+-------------+------------+


1.3 Confidence Level
--------------------

+-----------------------------+------------+--------------------------------------------------------+--------------------------------------------------------------------------------------------------------------------+
| User Input Data             | Confidence | Details                                                | Action                                                                                                             |
+-----------------------------+------------+--------------------------------------------------------+--------------------------------------------------------------------------------------------------------------------+
| Design implementation state | High       | Design is routed                                       |                                                                                                                    |
| Clock nodes activity        | Low        | User specified less than 75% of clocks                 | Provide missing clock activity with a constraint file, simulation results or by editing the "By Clock Domain" view |
| I/O nodes activity          | Low        | More than 75% of inputs are missing user specification | Provide missing input activity with simulation results or by editing the "By Resource Type -> I/Os" view           |
| Internal nodes activity     | Medium     | User specified less than 25% of internal nodes         | Provide missing internal nodes activity with simulation results or by editing the "By Resource Type" views         |
| Device models               | High       | Device models are Production                           |                                                                                                                    |
|                             |            |                                                        |                                                                                                                    |
| Overall confidence level    | Low        |                                                        |                                                                                                                    |
+-----------------------------+------------+--------------------------------------------------------+--------------------------------------------------------------------------------------------------------------------+


2. Settings
-----------

2.1 Environment
---------------

+-----------------------+--------------------------+
| Ambient Temp (C)      | 25.0                     |
| ThetaJA (C/W)         | 4.6                      |
| Airflow (LFM)         | 250                      |
| Heat Sink             | medium (Medium Profile)  |
| ThetaSA (C/W)         | 4.6                      |
| Board Selection       | medium (10"x10")         |
| # of Board Layers     | 12to15 (12 to 15 Layers) |
| Board Temperature (C) | 25.0                     |
+-----------------------+--------------------------+


2.2 Clock Constraints
---------------------

+-------+--------+-----------------+
| Clock | Domain | Constraint (ns) |
+-------+--------+-----------------+


3. Detailed Reports
-------------------

3.1 By Hierarchy
----------------

+---------------------+-----------+
| Name                | Power (W) |
+---------------------+-----------+
<<<<<<< HEAD
| Slave_Endpoint_top  |     7.219 |
|   ALU_DISPLAY       |     1.908 |
|     alucito         |     0.722 |
|     clockcito       |     0.142 |
|     displaycito     |     0.000 |
|     doublecito      |     0.777 |
|   TX_CTRL_inst      |     0.028 |
|   UART_RX_CTRL_inst |     0.130 |
|   uart_basic_inst   |     0.336 |
|     baud8_tick_blk  |     0.090 |
|     baud_tick_blk   |     0.096 |
|     uart_rx_blk     |     0.146 |
|       rx_sync_inst  |     0.048 |
|     uart_tx_blk     |     0.002 |
=======
| Slave_Endpoint_top  |     6.579 |
|   ALU_DISPLAY       |     0.958 |
|     clockcito       |     0.164 |
|     displaycito     |     0.000 |
|     doublecito      |     0.763 |
|   TX_CTRL_inst      |     0.016 |
|   UART_RX_CTRL_inst |     0.113 |
|   uart_basic_inst   |     0.343 |
|     baud8_tick_blk  |     0.100 |
|     baud_tick_blk   |     0.084 |
|     uart_rx_blk     |     0.144 |
|       rx_sync_inst  |     0.050 |
|     uart_tx_blk     |     0.013 |
>>>>>>> aa489a11a4d33a010fdff90a8de7d3afb440969a
+---------------------+-----------+


