Copyright 1986-2016 Xilinx, Inc. All Rights Reserved.
-----------------------------------------------------------------------------------------------------------------
| Tool Version : Vivado v.2016.4 (win64) Build 1756540 Mon Jan 23 19:11:23 MST 2017
| Date         : Mon Aug 21 18:52:49 2017
| Host         : LaptopDiewo running 64-bit major release  (build 9200)
| Command      : report_methodology -file lab_6_methodology_drc_routed.rpt -rpx lab_6_methodology_drc_routed.rpx
| Design       : lab_6
| Device       : xc7a100tcsg324-1
| Speed File   : -1
| Design State : Routed
-----------------------------------------------------------------------------------------------------------------

Report Methodology

Table of Contents
-----------------
1. REPORT SUMMARY
2. REPORT DETAILS

1. REPORT SUMMARY
-----------------
            Netlist: netlist
          Floorplan: design_1
      Design limits: <entire design considered>
             Max violations: <unlimited>
             Violations found: 128
+-----------+----------+-------------------------------+------------+
| Rule      | Severity | Description                   | Violations |
+-----------+----------+-------------------------------+------------+
| SYNTH-10  | Warning  | Wide multiplier               | 4          |
| TIMING-18 | Warning  | Missing input or output delay | 21         |
| TIMING-20 | Warning  | Non-clocked latch             | 103        |
+-----------+----------+-------------------------------+------------+

2. REPORT DETAILS
-----------------
SYNTH-10#1 Warning
Wide multiplier  
Detected multiplier at inst_ALU/result_temp0 of size 16x18, it is decomposed from a wide multipler into 4 DSP blocks.
Related violations: <none>

SYNTH-10#2 Warning
Wide multiplier  
Detected multiplier at inst_ALU/result_temp0__0 of size 16x16, it is decomposed from a wide multipler into 4 DSP blocks.
Related violations: <none>

SYNTH-10#3 Warning
Wide multiplier  
Detected multiplier at inst_ALU/result_temp0__1 of size 18x18, it is decomposed from a wide multipler into 4 DSP blocks.
Related violations: <none>

SYNTH-10#4 Warning
Wide multiplier  
Detected multiplier at inst_ALU/result_temp0__2 of size 18x16, it is decomposed from a wide multipler into 4 DSP blocks.
Related violations: <none>

TIMING-18#1 Warning
Missing input or output delay  
An input delay is missing on PS2_CLK relative to clock(s) VIRTUAL_clk_out1_clk_wiz_0 
Related violations: <none>

TIMING-18#2 Warning
Missing input or output delay  
An input delay is missing on PS2_DATA relative to clock(s) VIRTUAL_clk_out1_clk_wiz_0 
Related violations: <none>

TIMING-18#3 Warning
Missing input or output delay  
An input delay is missing on SW relative to clock(s) VIRTUAL_clk_out1_clk_wiz_0 
Related violations: <none>

TIMING-18#4 Warning
Missing input or output delay  
An input delay is missing on rst relative to clock(s) VIRTUAL_clk_out1_clk_wiz_0 
Related violations: <none>

TIMING-18#5 Warning
Missing input or output delay  
An output delay is missing on LED[0] relative to clock(s) VIRTUAL_clk_out1_clk_wiz_0 
Related violations: <none>

TIMING-18#6 Warning
Missing input or output delay  
An output delay is missing on LED[1] relative to clock(s) VIRTUAL_clk_out1_clk_wiz_0 
Related violations: <none>

TIMING-18#7 Warning
Missing input or output delay  
An output delay is missing on LED[2] relative to clock(s) VIRTUAL_clk_out1_clk_wiz_0 
Related violations: <none>

TIMING-18#8 Warning
Missing input or output delay  
An output delay is missing on VGA_B[0] relative to clock(s) VIRTUAL_clk_out1_clk_wiz_0 
Related violations: <none>

TIMING-18#9 Warning
Missing input or output delay  
An output delay is missing on VGA_B[1] relative to clock(s) VIRTUAL_clk_out1_clk_wiz_0 
Related violations: <none>

TIMING-18#10 Warning
Missing input or output delay  
An output delay is missing on VGA_B[2] relative to clock(s) VIRTUAL_clk_out1_clk_wiz_0 
Related violations: <none>

TIMING-18#11 Warning
Missing input or output delay  
An output delay is missing on VGA_B[3] relative to clock(s) VIRTUAL_clk_out1_clk_wiz_0 
Related violations: <none>

TIMING-18#12 Warning
Missing input or output delay  
An output delay is missing on VGA_G[0] relative to clock(s) VIRTUAL_clk_out1_clk_wiz_0 
Related violations: <none>

TIMING-18#13 Warning
Missing input or output delay  
An output delay is missing on VGA_G[1] relative to clock(s) VIRTUAL_clk_out1_clk_wiz_0 
Related violations: <none>

TIMING-18#14 Warning
Missing input or output delay  
An output delay is missing on VGA_G[2] relative to clock(s) VIRTUAL_clk_out1_clk_wiz_0 
Related violations: <none>

TIMING-18#15 Warning
Missing input or output delay  
An output delay is missing on VGA_G[3] relative to clock(s) VIRTUAL_clk_out1_clk_wiz_0 
Related violations: <none>

TIMING-18#16 Warning
Missing input or output delay  
An output delay is missing on VGA_HS relative to clock(s) VIRTUAL_clk_out1_clk_wiz_0 
Related violations: <none>

TIMING-18#17 Warning
Missing input or output delay  
An output delay is missing on VGA_R[0] relative to clock(s) VIRTUAL_clk_out1_clk_wiz_0 
Related violations: <none>

TIMING-18#18 Warning
Missing input or output delay  
An output delay is missing on VGA_R[1] relative to clock(s) VIRTUAL_clk_out1_clk_wiz_0 
Related violations: <none>

TIMING-18#19 Warning
Missing input or output delay  
An output delay is missing on VGA_R[2] relative to clock(s) VIRTUAL_clk_out1_clk_wiz_0 
Related violations: <none>

TIMING-18#20 Warning
Missing input or output delay  
An output delay is missing on VGA_R[3] relative to clock(s) VIRTUAL_clk_out1_clk_wiz_0 
Related violations: <none>

TIMING-18#21 Warning
Missing input or output delay  
An output delay is missing on VGA_VS relative to clock(s) VIRTUAL_clk_out1_clk_wiz_0 
Related violations: <none>

TIMING-20#1 Warning
Non-clocked latch  
The latch char_op1_next_reg[0] cannot be properly analyzed as its control pin char_op1_next_reg[0]/G is not reached by a timing clock
Related violations: <none>

TIMING-20#2 Warning
Non-clocked latch  
The latch char_op1_next_reg[10] cannot be properly analyzed as its control pin char_op1_next_reg[10]/G is not reached by a timing clock
Related violations: <none>

TIMING-20#3 Warning
Non-clocked latch  
The latch char_op1_next_reg[11] cannot be properly analyzed as its control pin char_op1_next_reg[11]/G is not reached by a timing clock
Related violations: <none>

TIMING-20#4 Warning
Non-clocked latch  
The latch char_op1_next_reg[12] cannot be properly analyzed as its control pin char_op1_next_reg[12]/G is not reached by a timing clock
Related violations: <none>

TIMING-20#5 Warning
Non-clocked latch  
The latch char_op1_next_reg[14] cannot be properly analyzed as its control pin char_op1_next_reg[14]/G is not reached by a timing clock
Related violations: <none>

TIMING-20#6 Warning
Non-clocked latch  
The latch char_op1_next_reg[16] cannot be properly analyzed as its control pin char_op1_next_reg[16]/G is not reached by a timing clock
Related violations: <none>

TIMING-20#7 Warning
Non-clocked latch  
The latch char_op1_next_reg[17] cannot be properly analyzed as its control pin char_op1_next_reg[17]/G is not reached by a timing clock
Related violations: <none>

TIMING-20#8 Warning
Non-clocked latch  
The latch char_op1_next_reg[18] cannot be properly analyzed as its control pin char_op1_next_reg[18]/G is not reached by a timing clock
Related violations: <none>

TIMING-20#9 Warning
Non-clocked latch  
The latch char_op1_next_reg[19] cannot be properly analyzed as its control pin char_op1_next_reg[19]/G is not reached by a timing clock
Related violations: <none>

TIMING-20#10 Warning
Non-clocked latch  
The latch char_op1_next_reg[1] cannot be properly analyzed as its control pin char_op1_next_reg[1]/G is not reached by a timing clock
Related violations: <none>

TIMING-20#11 Warning
Non-clocked latch  
The latch char_op1_next_reg[20] cannot be properly analyzed as its control pin char_op1_next_reg[20]/G is not reached by a timing clock
Related violations: <none>

TIMING-20#12 Warning
Non-clocked latch  
The latch char_op1_next_reg[22] cannot be properly analyzed as its control pin char_op1_next_reg[22]/G is not reached by a timing clock
Related violations: <none>

TIMING-20#13 Warning
Non-clocked latch  
The latch char_op1_next_reg[24] cannot be properly analyzed as its control pin char_op1_next_reg[24]/G is not reached by a timing clock
Related violations: <none>

TIMING-20#14 Warning
Non-clocked latch  
The latch char_op1_next_reg[25] cannot be properly analyzed as its control pin char_op1_next_reg[25]/G is not reached by a timing clock
Related violations: <none>

TIMING-20#15 Warning
Non-clocked latch  
The latch char_op1_next_reg[26] cannot be properly analyzed as its control pin char_op1_next_reg[26]/G is not reached by a timing clock
Related violations: <none>

TIMING-20#16 Warning
Non-clocked latch  
The latch char_op1_next_reg[27] cannot be properly analyzed as its control pin char_op1_next_reg[27]/G is not reached by a timing clock
Related violations: <none>

TIMING-20#17 Warning
Non-clocked latch  
The latch char_op1_next_reg[28] cannot be properly analyzed as its control pin char_op1_next_reg[28]/G is not reached by a timing clock
Related violations: <none>

TIMING-20#18 Warning
Non-clocked latch  
The latch char_op1_next_reg[2] cannot be properly analyzed as its control pin char_op1_next_reg[2]/G is not reached by a timing clock
Related violations: <none>

TIMING-20#19 Warning
Non-clocked latch  
The latch char_op1_next_reg[30] cannot be properly analyzed as its control pin char_op1_next_reg[30]/G is not reached by a timing clock
Related violations: <none>

TIMING-20#20 Warning
Non-clocked latch  
The latch char_op1_next_reg[32] cannot be properly analyzed as its control pin char_op1_next_reg[32]/G is not reached by a timing clock
Related violations: <none>

TIMING-20#21 Warning
Non-clocked latch  
The latch char_op1_next_reg[33] cannot be properly analyzed as its control pin char_op1_next_reg[33]/G is not reached by a timing clock
Related violations: <none>

TIMING-20#22 Warning
Non-clocked latch  
The latch char_op1_next_reg[34] cannot be properly analyzed as its control pin char_op1_next_reg[34]/G is not reached by a timing clock
Related violations: <none>

TIMING-20#23 Warning
Non-clocked latch  
The latch char_op1_next_reg[35] cannot be properly analyzed as its control pin char_op1_next_reg[35]/G is not reached by a timing clock
Related violations: <none>

TIMING-20#24 Warning
Non-clocked latch  
The latch char_op1_next_reg[36] cannot be properly analyzed as its control pin char_op1_next_reg[36]/G is not reached by a timing clock
Related violations: <none>

TIMING-20#25 Warning
Non-clocked latch  
The latch char_op1_next_reg[38] cannot be properly analyzed as its control pin char_op1_next_reg[38]/G is not reached by a timing clock
Related violations: <none>

TIMING-20#26 Warning
Non-clocked latch  
The latch char_op1_next_reg[3] cannot be properly analyzed as its control pin char_op1_next_reg[3]/G is not reached by a timing clock
Related violations: <none>

TIMING-20#27 Warning
Non-clocked latch  
The latch char_op1_next_reg[40] cannot be properly analyzed as its control pin char_op1_next_reg[40]/G is not reached by a timing clock
Related violations: <none>

TIMING-20#28 Warning
Non-clocked latch  
The latch char_op1_next_reg[41] cannot be properly analyzed as its control pin char_op1_next_reg[41]/G is not reached by a timing clock
Related violations: <none>

TIMING-20#29 Warning
Non-clocked latch  
The latch char_op1_next_reg[42] cannot be properly analyzed as its control pin char_op1_next_reg[42]/G is not reached by a timing clock
Related violations: <none>

TIMING-20#30 Warning
Non-clocked latch  
The latch char_op1_next_reg[43] cannot be properly analyzed as its control pin char_op1_next_reg[43]/G is not reached by a timing clock
Related violations: <none>

TIMING-20#31 Warning
Non-clocked latch  
The latch char_op1_next_reg[44] cannot be properly analyzed as its control pin char_op1_next_reg[44]/G is not reached by a timing clock
Related violations: <none>

TIMING-20#32 Warning
Non-clocked latch  
The latch char_op1_next_reg[46] cannot be properly analyzed as its control pin char_op1_next_reg[46]/G is not reached by a timing clock
Related violations: <none>

TIMING-20#33 Warning
Non-clocked latch  
The latch char_op1_next_reg[48] cannot be properly analyzed as its control pin char_op1_next_reg[48]/G is not reached by a timing clock
Related violations: <none>

TIMING-20#34 Warning
Non-clocked latch  
The latch char_op1_next_reg[49] cannot be properly analyzed as its control pin char_op1_next_reg[49]/G is not reached by a timing clock
Related violations: <none>

TIMING-20#35 Warning
Non-clocked latch  
The latch char_op1_next_reg[4] cannot be properly analyzed as its control pin char_op1_next_reg[4]/G is not reached by a timing clock
Related violations: <none>

TIMING-20#36 Warning
Non-clocked latch  
The latch char_op1_next_reg[50] cannot be properly analyzed as its control pin char_op1_next_reg[50]/G is not reached by a timing clock
Related violations: <none>

TIMING-20#37 Warning
Non-clocked latch  
The latch char_op1_next_reg[51] cannot be properly analyzed as its control pin char_op1_next_reg[51]/G is not reached by a timing clock
Related violations: <none>

TIMING-20#38 Warning
Non-clocked latch  
The latch char_op1_next_reg[52] cannot be properly analyzed as its control pin char_op1_next_reg[52]/G is not reached by a timing clock
Related violations: <none>

TIMING-20#39 Warning
Non-clocked latch  
The latch char_op1_next_reg[54] cannot be properly analyzed as its control pin char_op1_next_reg[54]/G is not reached by a timing clock
Related violations: <none>

TIMING-20#40 Warning
Non-clocked latch  
The latch char_op1_next_reg[56] cannot be properly analyzed as its control pin char_op1_next_reg[56]/G is not reached by a timing clock
Related violations: <none>

TIMING-20#41 Warning
Non-clocked latch  
The latch char_op1_next_reg[57] cannot be properly analyzed as its control pin char_op1_next_reg[57]/G is not reached by a timing clock
Related violations: <none>

TIMING-20#42 Warning
Non-clocked latch  
The latch char_op1_next_reg[58] cannot be properly analyzed as its control pin char_op1_next_reg[58]/G is not reached by a timing clock
Related violations: <none>

TIMING-20#43 Warning
Non-clocked latch  
The latch char_op1_next_reg[59] cannot be properly analyzed as its control pin char_op1_next_reg[59]/G is not reached by a timing clock
Related violations: <none>

TIMING-20#44 Warning
Non-clocked latch  
The latch char_op1_next_reg[60] cannot be properly analyzed as its control pin char_op1_next_reg[60]/G is not reached by a timing clock
Related violations: <none>

TIMING-20#45 Warning
Non-clocked latch  
The latch char_op1_next_reg[62] cannot be properly analyzed as its control pin char_op1_next_reg[62]/G is not reached by a timing clock
Related violations: <none>

TIMING-20#46 Warning
Non-clocked latch  
The latch char_op1_next_reg[6] cannot be properly analyzed as its control pin char_op1_next_reg[6]/G is not reached by a timing clock
Related violations: <none>

TIMING-20#47 Warning
Non-clocked latch  
The latch char_op1_next_reg[8] cannot be properly analyzed as its control pin char_op1_next_reg[8]/G is not reached by a timing clock
Related violations: <none>

TIMING-20#48 Warning
Non-clocked latch  
The latch char_op1_next_reg[9] cannot be properly analyzed as its control pin char_op1_next_reg[9]/G is not reached by a timing clock
Related violations: <none>

TIMING-20#49 Warning
Non-clocked latch  
The latch char_op2_next_reg[0] cannot be properly analyzed as its control pin char_op2_next_reg[0]/G is not reached by a timing clock
Related violations: <none>

TIMING-20#50 Warning
Non-clocked latch  
The latch char_op2_next_reg[10] cannot be properly analyzed as its control pin char_op2_next_reg[10]/G is not reached by a timing clock
Related violations: <none>

TIMING-20#51 Warning
Non-clocked latch  
The latch char_op2_next_reg[11] cannot be properly analyzed as its control pin char_op2_next_reg[11]/G is not reached by a timing clock
Related violations: <none>

TIMING-20#52 Warning
Non-clocked latch  
The latch char_op2_next_reg[12] cannot be properly analyzed as its control pin char_op2_next_reg[12]/G is not reached by a timing clock
Related violations: <none>

TIMING-20#53 Warning
Non-clocked latch  
The latch char_op2_next_reg[14] cannot be properly analyzed as its control pin char_op2_next_reg[14]/G is not reached by a timing clock
Related violations: <none>

TIMING-20#54 Warning
Non-clocked latch  
The latch char_op2_next_reg[16] cannot be properly analyzed as its control pin char_op2_next_reg[16]/G is not reached by a timing clock
Related violations: <none>

TIMING-20#55 Warning
Non-clocked latch  
The latch char_op2_next_reg[17] cannot be properly analyzed as its control pin char_op2_next_reg[17]/G is not reached by a timing clock
Related violations: <none>

TIMING-20#56 Warning
Non-clocked latch  
The latch char_op2_next_reg[18] cannot be properly analyzed as its control pin char_op2_next_reg[18]/G is not reached by a timing clock
Related violations: <none>

TIMING-20#57 Warning
Non-clocked latch  
The latch char_op2_next_reg[19] cannot be properly analyzed as its control pin char_op2_next_reg[19]/G is not reached by a timing clock
Related violations: <none>

TIMING-20#58 Warning
Non-clocked latch  
The latch char_op2_next_reg[1] cannot be properly analyzed as its control pin char_op2_next_reg[1]/G is not reached by a timing clock
Related violations: <none>

TIMING-20#59 Warning
Non-clocked latch  
The latch char_op2_next_reg[20] cannot be properly analyzed as its control pin char_op2_next_reg[20]/G is not reached by a timing clock
Related violations: <none>

TIMING-20#60 Warning
Non-clocked latch  
The latch char_op2_next_reg[22] cannot be properly analyzed as its control pin char_op2_next_reg[22]/G is not reached by a timing clock
Related violations: <none>

TIMING-20#61 Warning
Non-clocked latch  
The latch char_op2_next_reg[24] cannot be properly analyzed as its control pin char_op2_next_reg[24]/G is not reached by a timing clock
Related violations: <none>

TIMING-20#62 Warning
Non-clocked latch  
The latch char_op2_next_reg[25] cannot be properly analyzed as its control pin char_op2_next_reg[25]/G is not reached by a timing clock
Related violations: <none>

TIMING-20#63 Warning
Non-clocked latch  
The latch char_op2_next_reg[26] cannot be properly analyzed as its control pin char_op2_next_reg[26]/G is not reached by a timing clock
Related violations: <none>

TIMING-20#64 Warning
Non-clocked latch  
The latch char_op2_next_reg[27] cannot be properly analyzed as its control pin char_op2_next_reg[27]/G is not reached by a timing clock
Related violations: <none>

TIMING-20#65 Warning
Non-clocked latch  
The latch char_op2_next_reg[28] cannot be properly analyzed as its control pin char_op2_next_reg[28]/G is not reached by a timing clock
Related violations: <none>

TIMING-20#66 Warning
Non-clocked latch  
The latch char_op2_next_reg[2] cannot be properly analyzed as its control pin char_op2_next_reg[2]/G is not reached by a timing clock
Related violations: <none>

TIMING-20#67 Warning
Non-clocked latch  
The latch char_op2_next_reg[30] cannot be properly analyzed as its control pin char_op2_next_reg[30]/G is not reached by a timing clock
Related violations: <none>

TIMING-20#68 Warning
Non-clocked latch  
The latch char_op2_next_reg[32] cannot be properly analyzed as its control pin char_op2_next_reg[32]/G is not reached by a timing clock
Related violations: <none>

TIMING-20#69 Warning
Non-clocked latch  
The latch char_op2_next_reg[33] cannot be properly analyzed as its control pin char_op2_next_reg[33]/G is not reached by a timing clock
Related violations: <none>

TIMING-20#70 Warning
Non-clocked latch  
The latch char_op2_next_reg[34] cannot be properly analyzed as its control pin char_op2_next_reg[34]/G is not reached by a timing clock
Related violations: <none>

TIMING-20#71 Warning
Non-clocked latch  
The latch char_op2_next_reg[35] cannot be properly analyzed as its control pin char_op2_next_reg[35]/G is not reached by a timing clock
Related violations: <none>

TIMING-20#72 Warning
Non-clocked latch  
The latch char_op2_next_reg[36] cannot be properly analyzed as its control pin char_op2_next_reg[36]/G is not reached by a timing clock
Related violations: <none>

TIMING-20#73 Warning
Non-clocked latch  
The latch char_op2_next_reg[38] cannot be properly analyzed as its control pin char_op2_next_reg[38]/G is not reached by a timing clock
Related violations: <none>

TIMING-20#74 Warning
Non-clocked latch  
The latch char_op2_next_reg[3] cannot be properly analyzed as its control pin char_op2_next_reg[3]/G is not reached by a timing clock
Related violations: <none>

TIMING-20#75 Warning
Non-clocked latch  
The latch char_op2_next_reg[40] cannot be properly analyzed as its control pin char_op2_next_reg[40]/G is not reached by a timing clock
Related violations: <none>

TIMING-20#76 Warning
Non-clocked latch  
The latch char_op2_next_reg[41] cannot be properly analyzed as its control pin char_op2_next_reg[41]/G is not reached by a timing clock
Related violations: <none>

TIMING-20#77 Warning
Non-clocked latch  
The latch char_op2_next_reg[42] cannot be properly analyzed as its control pin char_op2_next_reg[42]/G is not reached by a timing clock
Related violations: <none>

TIMING-20#78 Warning
Non-clocked latch  
The latch char_op2_next_reg[43] cannot be properly analyzed as its control pin char_op2_next_reg[43]/G is not reached by a timing clock
Related violations: <none>

TIMING-20#79 Warning
Non-clocked latch  
The latch char_op2_next_reg[44] cannot be properly analyzed as its control pin char_op2_next_reg[44]/G is not reached by a timing clock
Related violations: <none>

TIMING-20#80 Warning
Non-clocked latch  
The latch char_op2_next_reg[46] cannot be properly analyzed as its control pin char_op2_next_reg[46]/G is not reached by a timing clock
Related violations: <none>

TIMING-20#81 Warning
Non-clocked latch  
The latch char_op2_next_reg[48] cannot be properly analyzed as its control pin char_op2_next_reg[48]/G is not reached by a timing clock
Related violations: <none>

TIMING-20#82 Warning
Non-clocked latch  
The latch char_op2_next_reg[49] cannot be properly analyzed as its control pin char_op2_next_reg[49]/G is not reached by a timing clock
Related violations: <none>

TIMING-20#83 Warning
Non-clocked latch  
The latch char_op2_next_reg[4] cannot be properly analyzed as its control pin char_op2_next_reg[4]/G is not reached by a timing clock
Related violations: <none>

TIMING-20#84 Warning
Non-clocked latch  
The latch char_op2_next_reg[50] cannot be properly analyzed as its control pin char_op2_next_reg[50]/G is not reached by a timing clock
Related violations: <none>

TIMING-20#85 Warning
Non-clocked latch  
The latch char_op2_next_reg[51] cannot be properly analyzed as its control pin char_op2_next_reg[51]/G is not reached by a timing clock
Related violations: <none>

TIMING-20#86 Warning
Non-clocked latch  
The latch char_op2_next_reg[52] cannot be properly analyzed as its control pin char_op2_next_reg[52]/G is not reached by a timing clock
Related violations: <none>

TIMING-20#87 Warning
Non-clocked latch  
The latch char_op2_next_reg[54] cannot be properly analyzed as its control pin char_op2_next_reg[54]/G is not reached by a timing clock
Related violations: <none>

TIMING-20#88 Warning
Non-clocked latch  
The latch char_op2_next_reg[56] cannot be properly analyzed as its control pin char_op2_next_reg[56]/G is not reached by a timing clock
Related violations: <none>

TIMING-20#89 Warning
Non-clocked latch  
The latch char_op2_next_reg[57] cannot be properly analyzed as its control pin char_op2_next_reg[57]/G is not reached by a timing clock
Related violations: <none>

TIMING-20#90 Warning
Non-clocked latch  
The latch char_op2_next_reg[58] cannot be properly analyzed as its control pin char_op2_next_reg[58]/G is not reached by a timing clock
Related violations: <none>

TIMING-20#91 Warning
Non-clocked latch  
The latch char_op2_next_reg[59] cannot be properly analyzed as its control pin char_op2_next_reg[59]/G is not reached by a timing clock
Related violations: <none>

TIMING-20#92 Warning
Non-clocked latch  
The latch char_op2_next_reg[60] cannot be properly analyzed as its control pin char_op2_next_reg[60]/G is not reached by a timing clock
Related violations: <none>

TIMING-20#93 Warning
Non-clocked latch  
The latch char_op2_next_reg[62] cannot be properly analyzed as its control pin char_op2_next_reg[62]/G is not reached by a timing clock
Related violations: <none>

TIMING-20#94 Warning
Non-clocked latch  
The latch char_op2_next_reg[6] cannot be properly analyzed as its control pin char_op2_next_reg[6]/G is not reached by a timing clock
Related violations: <none>

TIMING-20#95 Warning
Non-clocked latch  
The latch char_op2_next_reg[8] cannot be properly analyzed as its control pin char_op2_next_reg[8]/G is not reached by a timing clock
Related violations: <none>

TIMING-20#96 Warning
Non-clocked latch  
The latch char_op2_next_reg[9] cannot be properly analyzed as its control pin char_op2_next_reg[9]/G is not reached by a timing clock
Related violations: <none>

TIMING-20#97 Warning
Non-clocked latch  
The latch cursor_inst/translate_inst/control_reg[0] cannot be properly analyzed as its control pin cursor_inst/translate_inst/control_reg[0]/G is not reached by a timing clock
Related violations: <none>

TIMING-20#98 Warning
Non-clocked latch  
The latch cursor_inst/translate_inst/control_reg[1] cannot be properly analyzed as its control pin cursor_inst/translate_inst/control_reg[1]/G is not reached by a timing clock
Related violations: <none>

TIMING-20#99 Warning
Non-clocked latch  
The latch cursor_inst/translate_inst/control_reg[2] cannot be properly analyzed as its control pin cursor_inst/translate_inst/control_reg[2]/G is not reached by a timing clock
Related violations: <none>

TIMING-20#100 Warning
Non-clocked latch  
The latch cursor_inst/translate_inst/hex_reg[0] cannot be properly analyzed as its control pin cursor_inst/translate_inst/hex_reg[0]/G is not reached by a timing clock
Related violations: <none>

TIMING-20#101 Warning
Non-clocked latch  
The latch cursor_inst/translate_inst/hex_reg[1] cannot be properly analyzed as its control pin cursor_inst/translate_inst/hex_reg[1]/G is not reached by a timing clock
Related violations: <none>

TIMING-20#102 Warning
Non-clocked latch  
The latch cursor_inst/translate_inst/hex_reg[2] cannot be properly analyzed as its control pin cursor_inst/translate_inst/hex_reg[2]/G is not reached by a timing clock
Related violations: <none>

TIMING-20#103 Warning
Non-clocked latch  
The latch cursor_inst/translate_inst/hex_reg[3] cannot be properly analyzed as its control pin cursor_inst/translate_inst/hex_reg[3]/G is not reached by a timing clock
Related violations: <none>


