Copyright 1986-2016 Xilinx, Inc. All Rights Reserved.
-------------------------------------------------------------------------------------------------------------------------------------
| Tool Version     : Vivado v.2016.4 (win64) Build 1756540 Mon Jan 23 19:11:23 MST 2017
| Date             : Tue Aug 22 12:21:13 2017
| Host             : PC-SEBAQ running 64-bit major release  (build 9200)
| Command          : report_power -file lab_6_power_routed.rpt -pb lab_6_power_summary_routed.pb -rpx lab_6_power_routed.rpx
| Design           : lab_6
| Device           : xc7a100tcsg324-1
| Design State     : routed
| Grade            : commercial
| Process          : typical
| Characterization : Production
-------------------------------------------------------------------------------------------------------------------------------------

Power Report

Table of Contents
-----------------
1. Summary
1.1 On-Chip Components
1.2 Power Supply Summary
1.3 Confidence Level
2. Settings
2.1 Environment
2.2 Clock Constraints
3. Detailed Reports
3.1 By Hierarchy

1. Summary
----------

+--------------------------+-------+
| Total On-Chip Power (W)  | 0.235 |
| Dynamic (W)              | 0.137 |
| Device Static (W)        | 0.097 |
| Effective TJA (C/W)      | 4.6   |
| Max Ambient (C)          | 83.9  |
| Junction Temperature (C) | 26.1  |
| Confidence Level         | Low   |
| Setting File             | ---   |
| Simulation Activity File | ---   |
| Design Nets Matched      | NA    |
+--------------------------+-------+


1.1 On-Chip Components
----------------------

+----------------+-----------+----------+-----------+-----------------+
| On-Chip        | Power (W) | Used     | Available | Utilization (%) |
+----------------+-----------+----------+-----------+-----------------+
| Clocks         |     0.007 |        5 |       --- |             --- |
| Slice Logic    |     0.001 |     3626 |       --- |             --- |
|   LUT as Logic |     0.001 |     1758 |     63400 |            2.77 |
|   CARRY4       |    <0.001 |       47 |     15850 |            0.30 |
|   Register     |    <0.001 |     1247 |    126800 |            0.98 |
|   F7/F8 Muxes  |    <0.001 |       45 |     63400 |            0.07 |
|   BUFG         |    <0.001 |        2 |        32 |            6.25 |
|   Others       |     0.000 |       71 |       --- |             --- |
| Signals        |     0.001 |     2763 |       --- |             --- |
| MMCM           |     0.124 |        1 |         6 |           16.67 |
| DSPs           |    <0.001 |        4 |       240 |            1.67 |
| I/O            |     0.003 |       22 |       210 |           10.48 |
| Static Power   |     0.097 |          |           |                 |
| Total          |     0.235 |          |           |                 |
+----------------+-----------+----------+-----------+-----------------+


1.2 Power Supply Summary
------------------------

+-----------+-------------+-----------+-------------+------------+
| Source    | Voltage (V) | Total (A) | Dynamic (A) | Static (A) |
+-----------+-------------+-----------+-------------+------------+
| Vccint    |       1.000 |     0.025 |       0.010 |      0.015 |
| Vccaux    |       1.800 |     0.087 |       0.069 |      0.018 |
| Vcco33    |       3.300 |     0.005 |       0.001 |      0.004 |
| Vcco25    |       2.500 |     0.000 |       0.000 |      0.000 |
| Vcco18    |       1.800 |     0.000 |       0.000 |      0.000 |
| Vcco15    |       1.500 |     0.000 |       0.000 |      0.000 |
| Vcco135   |       1.350 |     0.000 |       0.000 |      0.000 |
| Vcco12    |       1.200 |     0.000 |       0.000 |      0.000 |
| Vccaux_io |       1.800 |     0.000 |       0.000 |      0.000 |
| Vccbram   |       1.000 |     0.000 |       0.000 |      0.000 |
| MGTAVcc   |       1.000 |     0.000 |       0.000 |      0.000 |
| MGTAVtt   |       1.200 |     0.000 |       0.000 |      0.000 |
| Vccadc    |       1.800 |     0.020 |       0.000 |      0.020 |
+-----------+-------------+-----------+-------------+------------+


1.3 Confidence Level
--------------------

+-----------------------------+------------+--------------------------------------------------------+--------------------------------------------------------------------------------------------------------------------+
| User Input Data             | Confidence | Details                                                | Action                                                                                                             |
+-----------------------------+------------+--------------------------------------------------------+--------------------------------------------------------------------------------------------------------------------+
| Design implementation state | High       | Design is routed                                       |                                                                                                                    |
| Clock nodes activity        | Medium     | More than 5% of clocks are missing user specification  | Provide missing clock activity with a constraint file, simulation results or by editing the "By Clock Domain" view |
| I/O nodes activity          | Low        | More than 75% of inputs are missing user specification | Provide missing input activity with simulation results or by editing the "By Resource Type -> I/Os" view           |
| Internal nodes activity     | Medium     | User specified less than 25% of internal nodes         | Provide missing internal nodes activity with simulation results or by editing the "By Resource Type" views         |
| Device models               | High       | Device models are Production                           |                                                                                                                    |
|                             |            |                                                        |                                                                                                                    |
| Overall confidence level    | Low        |                                                        |                                                                                                                    |
+-----------------------------+------------+--------------------------------------------------------+--------------------------------------------------------------------------------------------------------------------+


2. Settings
-----------

2.1 Environment
---------------

+-----------------------+--------------------------+
| Ambient Temp (C)      | 25.0                     |
| ThetaJA (C/W)         | 4.6                      |
| Airflow (LFM)         | 250                      |
| Heat Sink             | medium (Medium Profile)  |
| ThetaSA (C/W)         | 4.6                      |
| Board Selection       | medium (10"x10")         |
| # of Board Layers     | 12to15 (12 to 15 Layers) |
| Board Temperature (C) | 25.0                     |
+-----------------------+--------------------------+


2.2 Clock Constraints
---------------------

+--------------------+------------------------------+-----------------+
| Clock              | Domain                       | Constraint (ns) |
+--------------------+------------------------------+-----------------+
| CLK100MHZ          | CLK100MHZ                    |            10.0 |
| clk_out1_clk_wiz_0 | inst/inst/clk_out1_clk_wiz_0 |            12.2 |
| clkfbout_clk_wiz_0 | inst/inst/clkfbout_clk_wiz_0 |            10.0 |
+--------------------+------------------------------+-----------------+


3. Detailed Reports
-------------------

3.1 By Hierarchy
----------------

+----------------------+-----------+
| Name                 | Power (W) |
+----------------------+-----------+
| lab_6                |     0.137 |
|   _and               |    <0.001 |
|   _ce                |    <0.001 |
|   _exe               |    <0.001 |
|   _or                |    <0.001 |
|   a                  |    <0.001 |
|   b                  |    <0.001 |
|   c                  |    <0.001 |
|   cero               |    <0.001 |
|   char_inst          |    <0.001 |
|   cinco              |    <0.001 |
|   cuatro             |    <0.001 |
|   cursor_inst        |    <0.001 |
|     translate_inst   |    <0.001 |
|   d                  |    <0.001 |
|   dos                |    <0.001 |
|   e                  |    <0.001 |
|   f                  |    <0.001 |
|   inst               |     0.124 |
|     inst             |     0.124 |
|   inst_ALU           |    <0.001 |
|   inst_double_dabble |    <0.001 |
|   m_driver           |     0.001 |
|   m_hexdec           |    <0.001 |
|   m_hw               |    <0.001 |
|   m_kd               |    <0.001 |
|     m_ps2read        |    <0.001 |
|   mas                |    <0.001 |
|   menos              |    <0.001 |
|   multp              |    <0.001 |
|   nueve              |    <0.001 |
|   ocho               |    <0.001 |
|   seis               |    <0.001 |
|   siete              |    <0.001 |
|   template_1         |    <0.001 |
|   tres               |    <0.001 |
|   uno                |    <0.001 |
+----------------------+-----------+


