#-----------------------------------------------------------
# Vivado v2016.4 (64-bit)
# SW Build 1756540 on Mon Jan 23 19:11:23 MST 2017
# IP Build 1755317 on Mon Jan 23 20:30:07 MST 2017
# Start of session at: Tue Jun 27 01:42:09 2017
# Process ID: 14140
# Current directory: C:/Users/Diego/LabDigitales2017/Lab6_Prev_Preg4
# Command line: vivado.exe -gui_launcher_event rodinguilauncherevent10152 C:\Users\Diego\LabDigitales2017\Lab6_Prev_Preg4\Lab6_Prev_Preg4.xpr
# Log file: C:/Users/Diego/LabDigitales2017/Lab6_Prev_Preg4/vivado.log
# Journal file: C:/Users/Diego/LabDigitales2017/Lab6_Prev_Preg4\vivado.jou
#-----------------------------------------------------------
start_gui
open_project C:/Users/Diego/LabDigitales2017/Lab6_Prev_Preg4/Lab6_Prev_Preg4.xpr
Scanning sources...
Finished scanning sources
INFO: [IP_Flow 19-234] Refreshing IP repositories
INFO: [IP_Flow 19-1704] No user IP repositories specified
INFO: [IP_Flow 19-2313] Loaded Vivado IP repository 'C:/Xilinx/Vivado/2016.4/data/ip'.
open_project: Time (s): cpu = 00:00:11 ; elapsed = 00:00:06 . Memory (MB): peak = 717.266 ; gain = 64.203
exit
INFO: [Common 17-206] Exiting Vivado at Tue Jun 27 01:42:51 2017...
