#-----------------------------------------------------------
<<<<<<< HEAD
# Vivado v2017.1 (64-bit)
# SW Build 1846317 on Fri Apr 14 18:55:03 MDT 2017
# IP Build 1846188 on Fri Apr 14 20:52:08 MDT 2017
# Start of session at: Mon Jun 19 18:18:29 2017
# Process ID: 7104
# Current directory: C:/GitHub/LabDigitales2017/Lab6_Prev_Preg4
# Command line: vivado.exe -gui_launcher_event rodinguilauncherevent6940 C:\GitHub\LabDigitales2017\Lab6_Prev_Preg4\Lab6_Prev_Preg4.xpr
# Log file: C:/GitHub/LabDigitales2017/Lab6_Prev_Preg4/vivado.log
# Journal file: C:/GitHub/LabDigitales2017/Lab6_Prev_Preg4\vivado.jou
#-----------------------------------------------------------
start_gui
open_project C:/GitHub/LabDigitales2017/Lab6_Prev_Preg4/Lab6_Prev_Preg4.xpr
INFO: [Project 1-313] Project file moved from 'C:/Users/Diego/LabDigitales2017/Lab6_Prev_Preg4' since last save.
Scanning sources...
Finished scanning sources
WARNING: [filemgmt 56-2] IPUserFilesDir: Could not find the directory 'C:/GitHub/LabDigitales2017/Lab6_Prev_Preg4/Lab6_Prev_Preg4.ip_user_files', nor could it be found using path 'C:/Users/Diego/LabDigitales2017/Lab6_Prev_Preg4/Lab6_Prev_Preg4.ip_user_files'.
INFO: [Project 1-230] Project 'Lab6_Prev_Preg4.xpr' upgraded for this version of Vivado.
INFO: [IP_Flow 19-234] Refreshing IP repositories
INFO: [IP_Flow 19-1704] No user IP repositories specified
INFO: [IP_Flow 19-2313] Loaded Vivado IP repository 'C:/Xilinx/Vivado/2017.1/data/ip'.
add_files -norecurse {{C:/Users/Sebastián Quiroz/Downloads/KB_to_display.v}}
update_compile_order -fileset sources_1
add_files -norecurse C:/GitHub/LabDigitales2017/Lab6_PartePrevia/Lab6_PartePrevia.srcs/sources_1/imports/Lab6_PS2_VGA_reference/kbd_ms.v
update_compile_order -fileset sources_1
import_files -norecurse {{C:/Users/Sebastián Quiroz/Downloads/hex_to_ss.v} {C:/Users/Sebastián Quiroz/Downloads/display_mux.v} {C:/Users/Sebastián Quiroz/Downloads/clk_divider.v}}
update_compile_order -fileset sources_1
launch_runs impl_1 -to_step write_bitstream -jobs 4
[Mon Jun 19 18:37:25 2017] Launched synth_1...
Run output will be captured here: C:/GitHub/LabDigitales2017/Lab6_Prev_Preg4/Lab6_Prev_Preg4.runs/synth_1/runme.log
[Mon Jun 19 18:37:25 2017] Launched impl_1...
Run output will be captured here: C:/GitHub/LabDigitales2017/Lab6_Prev_Preg4/Lab6_Prev_Preg4.runs/impl_1/runme.log
reset_run synth_1
launch_runs impl_1 -to_step write_bitstream -jobs 4
[Mon Jun 19 18:38:54 2017] Launched synth_1...
Run output will be captured here: C:/GitHub/LabDigitales2017/Lab6_Prev_Preg4/Lab6_Prev_Preg4.runs/synth_1/runme.log
[Mon Jun 19 18:38:54 2017] Launched impl_1...
Run output will be captured here: C:/GitHub/LabDigitales2017/Lab6_Prev_Preg4/Lab6_Prev_Preg4.runs/impl_1/runme.log
reset_run synth_1
launch_runs impl_1 -to_step write_bitstream -jobs 4
[Mon Jun 19 18:39:28 2017] Launched synth_1...
Run output will be captured here: C:/GitHub/LabDigitales2017/Lab6_Prev_Preg4/Lab6_Prev_Preg4.runs/synth_1/runme.log
[Mon Jun 19 18:39:28 2017] Launched impl_1...
Run output will be captured here: C:/GitHub/LabDigitales2017/Lab6_Prev_Preg4/Lab6_Prev_Preg4.runs/impl_1/runme.log
reset_run synth_1
launch_runs synth_1 -jobs 4
[Mon Jun 19 18:42:34 2017] Launched synth_1...
Run output will be captured here: C:/GitHub/LabDigitales2017/Lab6_Prev_Preg4/Lab6_Prev_Preg4.runs/synth_1/runme.log
reset_run synth_1
launch_runs synth_1 -jobs 4
[Mon Jun 19 18:43:26 2017] Launched synth_1...
Run output will be captured here: C:/GitHub/LabDigitales2017/Lab6_Prev_Preg4/Lab6_Prev_Preg4.runs/synth_1/runme.log
reset_run synth_1
launch_runs synth_1 -jobs 4
[Mon Jun 19 18:44:20 2017] Launched synth_1...
Run output will be captured here: C:/GitHub/LabDigitales2017/Lab6_Prev_Preg4/Lab6_Prev_Preg4.runs/synth_1/runme.log
reset_run synth_1
launch_runs synth_1 -jobs 4
[Mon Jun 19 18:44:59 2017] Launched synth_1...
Run output will be captured here: C:/GitHub/LabDigitales2017/Lab6_Prev_Preg4/Lab6_Prev_Preg4.runs/synth_1/runme.log
launch_runs impl_1 -jobs 4
[Mon Jun 19 18:45:28 2017] Launched impl_1...
Run output will be captured here: C:/GitHub/LabDigitales2017/Lab6_Prev_Preg4/Lab6_Prev_Preg4.runs/impl_1/runme.log
launch_runs impl_1 -to_step write_bitstream -jobs 4
[Mon Jun 19 18:46:56 2017] Launched impl_1...
Run output will be captured here: C:/GitHub/LabDigitales2017/Lab6_Prev_Preg4/Lab6_Prev_Preg4.runs/impl_1/runme.log
file mkdir C:/GitHub/LabDigitales2017/Lab6_Prev_Preg4/Lab6_Prev_Preg4.srcs/constrs_1
file mkdir C:/GitHub/LabDigitales2017/Lab6_Prev_Preg4/Lab6_Prev_Preg4.srcs/constrs_1/new
close [ open {C:/GitHub/LabDigitales2017/Lab6_Prev_Preg4/Lab6_Prev_Preg4.srcs/constrs_1/new/cualquier nombre da lo mismo.xdc} w ]
add_files -fileset constrs_1 {{C:/GitHub/LabDigitales2017/Lab6_Prev_Preg4/Lab6_Prev_Preg4.srcs/constrs_1/new/cualquier nombre da lo mismo.xdc}}
reset_run synth_1
launch_runs impl_1 -to_step write_bitstream -jobs 4
[Mon Jun 19 18:55:43 2017] Launched synth_1...
Run output will be captured here: C:/GitHub/LabDigitales2017/Lab6_Prev_Preg4/Lab6_Prev_Preg4.runs/synth_1/runme.log
[Mon Jun 19 18:55:43 2017] Launched impl_1...
Run output will be captured here: C:/GitHub/LabDigitales2017/Lab6_Prev_Preg4/Lab6_Prev_Preg4.runs/impl_1/runme.log
reset_run synth_1
launch_runs impl_1 -to_step write_bitstream -jobs 4
[Mon Jun 19 18:58:21 2017] Launched synth_1...
Run output will be captured here: C:/GitHub/LabDigitales2017/Lab6_Prev_Preg4/Lab6_Prev_Preg4.runs/synth_1/runme.log
[Mon Jun 19 18:58:21 2017] Launched impl_1...
Run output will be captured here: C:/GitHub/LabDigitales2017/Lab6_Prev_Preg4/Lab6_Prev_Preg4.runs/impl_1/runme.log
reset_run synth_1
launch_runs synth_1 -jobs 4
[Mon Jun 19 19:11:46 2017] Launched synth_1...
Run output will be captured here: C:/GitHub/LabDigitales2017/Lab6_Prev_Preg4/Lab6_Prev_Preg4.runs/synth_1/runme.log
set_property target_constrs_file {C:/GitHub/LabDigitales2017/Lab6_Prev_Preg4/Lab6_Prev_Preg4.srcs/constrs_1/new/cualquier nombre da lo mismo.xdc} [current_fileset -constrset]
reset_run synth_1
launch_runs synth_1 -jobs 4
[Mon Jun 19 19:12:12 2017] Launched synth_1...
Run output will be captured here: C:/GitHub/LabDigitales2017/Lab6_Prev_Preg4/Lab6_Prev_Preg4.runs/synth_1/runme.log
import_files
INFO: [filemgmt 20-334] All file(s) are already imported in fileset: 'constrs_1'
INFO: [filemgmt 20-348] Importing the appropriate files for fileset: 'constrs_1'
INFO: [filemgmt 20-348] Importing the appropriate files for fileset: 'sources_1'
reset_run synth_1
launch_runs synth_1 -jobs 4
[Mon Jun 19 19:14:02 2017] Launched synth_1...
Run output will be captured here: C:/GitHub/LabDigitales2017/Lab6_Prev_Preg4/Lab6_Prev_Preg4.runs/synth_1/runme.log
exit
INFO: [Common 17-206] Exiting Vivado at Mon Jun 19 19:23:49 2017...
=======
# Vivado v2016.4 (64-bit)
# SW Build 1756540 on Mon Jan 23 19:11:23 MST 2017
# IP Build 1755317 on Mon Jan 23 20:30:07 MST 2017
# Start of session at: Tue Jun 27 14:24:09 2017
# Process ID: 7904
# Current directory: C:/Users/Diego/LabDigitales2017/Lab6_Prev_Preg4
# Command line: vivado.exe -gui_launcher_event rodinguilauncherevent15568 C:\Users\Diego\LabDigitales2017\Lab6_Prev_Preg4\Lab6_Prev_Preg4.xpr
# Log file: C:/Users/Diego/LabDigitales2017/Lab6_Prev_Preg4/vivado.log
# Journal file: C:/Users/Diego/LabDigitales2017/Lab6_Prev_Preg4\vivado.jou
#-----------------------------------------------------------
start_gui
open_project C:/Users/Diego/LabDigitales2017/Lab6_Prev_Preg4/Lab6_Prev_Preg4.xpr
Scanning sources...
Finished scanning sources
INFO: [IP_Flow 19-234] Refreshing IP repositories
INFO: [IP_Flow 19-1704] No user IP repositories specified
INFO: [IP_Flow 19-2313] Loaded Vivado IP repository 'C:/Xilinx/Vivado/2016.4/data/ip'.
exit
INFO: [Common 17-206] Exiting Vivado at Tue Jun 27 14:24:46 2017...
>>>>>>> Pruebas
