Copyright 1986-2016 Xilinx, Inc. All Rights Reserved.
------------------------------------------------------------------------------------------
| Tool Version : Vivado v.2016.4 (win64) Build 1756540 Mon Jan 23 19:11:23 MST 2017
| Date         : Tue Aug 22 15:46:54 2017
| Host         : PC-SEBAQ running 64-bit major release  (build 9200)
| Command      : report_control_sets -verbose -file Final_Project_control_sets_placed.rpt
| Design       : Final_Project
| Device       : xc7a100t
------------------------------------------------------------------------------------------

Control Set Information

Table of Contents
-----------------
1. Summary
2. Flip-Flop Distribution
3. Detailed Control Set Information

1. Summary
----------

+----------------------------------------------------------+-------+
|                          Status                          | Count |
+----------------------------------------------------------+-------+
| Number of unique control sets                            |    36 |
| Unused register locations in slices containing registers |   109 |
+----------------------------------------------------------+-------+


2. Flip-Flop Distribution
-------------------------

+--------------+-----------------------+------------------------+-----------------+--------------+
| Clock Enable | Synchronous Set/Reset | Asynchronous Set/Reset | Total Registers | Total Slices |
+--------------+-----------------------+------------------------+-----------------+--------------+
| No           | No                    | No                     |              48 |           21 |
| No           | No                    | Yes                    |               0 |            0 |
| No           | Yes                   | No                     |              20 |            5 |
| Yes          | No                    | No                     |              57 |           17 |
| Yes          | No                    | Yes                    |               4 |            2 |
| Yes          | Yes                   | No                     |             138 |           51 |
+--------------+-----------------------+------------------------+-----------------+--------------+


3. Detailed Control Set Information
-----------------------------------

+---------------------+------------------------------------------------------------------------+------------------------------------------------------------------------+------------------+----------------+
|     Clock Signal    |                              Enable Signal                             |                            Set/Reset Signal                            | Slice Load Count | Bel Load Count |
+---------------------+------------------------------------------------------------------------+------------------------------------------------------------------------+------------------+----------------+
|  inst/inst/clk_out1 | interfaz_seba_inst/m_kd/m_ps2read/data_in_counter[3]_i_1_n_0           |                                                                        |                1 |              4 |
|  inst/inst/clk_out1 | interfaz_seba_inst/m_kd/m_ps2read/E[0]                                 | interfaz_seba_inst/m_kd/m_ps2read/AR[0]                                |                2 |              4 |
|  inst/inst/clk_out1 | interfaz_seba_inst/driver_vga/push_menu_minimat_y_reg[7]_0             | interfaz_seba_inst/send_inst/push_menu_minimat_y[3]_i_1__2_n_0         |                2 |              4 |
|  inst/inst/clk_out1 | interfaz_seba_inst/driver_vga/pixel_y_to_show_reg[0]                   | interfaz_seba_inst/sample_inst/push_menu_minimat_y[3]_i_1_n_0          |                2 |              4 |
|  inst/inst/clk_out1 | interfaz_seba_inst/driver_vga/push_menu_minimat_y_reg[7]_1             | interfaz_seba_inst/reset_inst/push_menu_minimat_y[3]_i_1__0_n_0        |                2 |              4 |
|  inst/inst/clk_out1 | interfaz_seba_inst/driver_vga/push_menu_minimat_y_reg[7]_2             | interfaz_seba_inst/s_time_inst/push_menu_minimat_y[3]_i_1__1_n_0       |                2 |              4 |
|  inst/inst/clk_out1 |                                                                        | interfaz_seba_inst/send_inst/send_inst/                                |                1 |              5 |
|  inst/inst/clk_out1 |                                                                        | interfaz_seba_inst/reset_inst/reset_inst/                              |                1 |              5 |
|  inst/inst/clk_out1 |                                                                        | interfaz_seba_inst/sample_inst/sample_inst/                            |                1 |              5 |
|  inst/inst/clk_out1 |                                                                        | interfaz_seba_inst/s_time_inst/s_time_inst/                            |                2 |              5 |
|  inst/inst/clk_out1 | interfaz_seba_inst/driver_vga/push_menu_minimat_y_reg[7]               | interfaz_seba_inst/grid_inst/push_menu_minimat_y[7]_i_1__0_n_0         |                2 |              5 |
|  inst/inst/clk_out1 | interfaz_seba_inst/driver_vga/E[0]                                     |                                                                        |                2 |              5 |
|  inst/inst/clk_out1 | interfaz_seba_inst/driver_vga/contador_pixels_verticales0              |                                                                        |                2 |              5 |
|  inst/inst/clk_out1 | interfaz_seba_inst/driver_vga/contador_pixels_verticales_reg[4]        |                                                                        |                2 |              5 |
|  inst/inst/clk_out1 | interfaz_seba_inst/driver_vga/contador_pixels_verticales_reg[4]_0[0]   |                                                                        |                2 |              5 |
|  inst/inst/clk_out1 | interfaz_seba_inst/driver_vga/contador_pixels_verticales_reg[4]_1[0]   |                                                                        |                2 |              5 |
|  inst/inst/clk_out1 | interfaz_seba_inst/cursor_inst/FSM_onehot_state[5]_i_1_n_0             | rst_IBUF                                                               |                2 |              6 |
|  inst/inst/clk_out1 | interfaz_seba_inst/reset_inst/menu_character_position_x[5]_i_2__1_n_0  | interfaz_seba_inst/reset_inst/menu_character_position_x[5]_i_1__2_n_0  |                3 |              6 |
|  inst/inst/clk_out1 | interfaz_seba_inst/grid_inst/menu_character_position_x[5]_i_2__0_n_0   | interfaz_seba_inst/grid_inst/menu_character_position_x[5]_i_1__1_n_0   |                1 |              6 |
|  inst/inst/clk_out1 | interfaz_seba_inst/s_time_inst/menu_character_position_x[5]_i_2__2_n_0 | interfaz_seba_inst/driver_vga/menu_character_position_x_reg[5]_0       |                2 |              6 |
|  inst/inst/clk_out1 | interfaz_seba_inst/send_inst/menu_character_position_x[5]_i_2__3_n_0   | interfaz_seba_inst/send_inst/menu_character_position_x[5]_i_1__3_n_0   |                2 |              6 |
|  inst/inst/clk_out1 | interfaz_seba_inst/sample_inst/menu_character_position_x[5]_i_2_n_0    | interfaz_seba_inst/sample_inst/menu_character_position_x[5]_i_1__0_n_0 |                2 |              6 |
|  inst/inst/clk_out1 | interfaz_seba_inst/driver_vga/push_menu_minimat_y_reg[7]               | interfaz_seba_inst/driver_vga/push_menu_minimat_y_reg[0]_0             |                2 |              6 |
|  inst/inst/clk_out1 | interfaz_seba_inst/driver_vga/push_menu_minimat_y_reg[7]_0             | interfaz_seba_inst/driver_vga/push_menu_minimat_y_reg[0]_4             |                2 |              7 |
|  inst/inst/clk_out1 | interfaz_seba_inst/driver_vga/pixel_y_to_show_reg[0]                   | interfaz_seba_inst/driver_vga/push_menu_minimat_y_reg[0]               |                2 |              7 |
|  inst/inst/clk_out1 | interfaz_seba_inst/driver_vga/push_menu_minimat_y_reg[7]_1             | interfaz_seba_inst/driver_vga/push_menu_minimat_y_reg[0]_2             |                2 |              7 |
|  inst/inst/clk_out1 | interfaz_seba_inst/driver_vga/push_menu_minimat_y_reg[7]_2             | interfaz_seba_inst/driver_vga/push_menu_minimat_y_reg[0]_3             |                2 |              7 |
|  inst/inst/clk_out1 | interfaz_seba_inst/m_kd/m_ps2read/data[7]_i_1_n_0                      |                                                                        |                1 |              8 |
|  inst/inst/clk_out1 | interfaz_seba_inst/sample_inst/sample_inst/                            | interfaz_seba_inst/sample_inst/push_menu_minimat_x[7]_i_1_n_0          |                4 |              8 |
|  inst/inst/clk_out1 | interfaz_seba_inst/m_kd/m_ps2read/shift[10]_i_1_n_0                    |                                                                        |                2 |              9 |
|  inst/inst/clk_out1 | interfaz_seba_inst/grid_inst/grid_inst/                                | interfaz_seba_inst/grid_inst/push_menu_minimat_x[7]_i_1__0_n_0         |                4 |              9 |
|  inst/inst/clk_out1 | interfaz_seba_inst/send_inst/send_inst/                                | interfaz_seba_inst/send_inst/push_menu_minimat_x[7]_i_1__3_n_0         |                4 |             10 |
|  inst/inst/clk_out1 | interfaz_seba_inst/reset_inst/reset_inst/                              | interfaz_seba_inst/reset_inst/push_menu_minimat_x[7]_i_1__1_n_0        |                3 |             10 |
|  inst/inst/clk_out1 | interfaz_seba_inst/s_time_inst/s_time_inst/                            | interfaz_seba_inst/s_time_inst/push_menu_minimat_x[7]_i_1__2_n_0       |                4 |             10 |
|  inst/inst/clk_out1 | interfaz_seba_inst/m_kd/new_data[7]_i_1_n_0                            |                                                                        |                3 |             11 |
|  inst/inst/clk_out1 |                                                                        |                                                                        |               21 |             48 |
+---------------------+------------------------------------------------------------------------+------------------------------------------------------------------------+------------------+----------------+


+--------+-----------------------+
| Fanout | Number of ControlSets |
+--------+-----------------------+
| 4      |                     6 |
| 5      |                    10 |
| 6      |                     7 |
| 7      |                     4 |
| 8      |                     2 |
| 9      |                     2 |
| 10     |                     3 |
| 11     |                     1 |
| 16+    |                     1 |
+--------+-----------------------+


