#-----------------------------------------------------------
# Vivado v2017.1 (64-bit)
# SW Build 1846317 on Fri Apr 14 18:55:03 MDT 2017
# IP Build 1846188 on Fri Apr 14 20:52:08 MDT 2017
# Start of session at: Mon Jun 19 01:30:39 2017
# Process ID: 8484
# Current directory: C:/GitHub/LabDigitales2017/LAB_5(gerson)
# Command line: vivado.exe -gui_launcher_event rodinguilauncherevent2352 C:\GitHub\LabDigitales2017\LAB_5(gerson)\LAB_5.xpr
# Log file: C:/GitHub/LabDigitales2017/LAB_5(gerson)/vivado.log
# Journal file: C:/GitHub/LabDigitales2017/LAB_5(gerson)\vivado.jou
#-----------------------------------------------------------
start_gui
open_project C:/GitHub/LabDigitales2017/LAB_5(gerson)/LAB_5.xpr
Scanning sources...
Finished scanning sources
WARNING: [filemgmt 56-3] IPUserFilesDir: Could not find the directory 'C:/GitHub/LabDigitales2017/LAB_5(gerson)/LAB_5.ip_user_files'.
INFO: [Project 1-230] Project 'LAB_5.xpr' upgraded for this version of Vivado.
INFO: [IP_Flow 19-234] Refreshing IP repositories
INFO: [IP_Flow 19-1704] No user IP repositories specified
INFO: [IP_Flow 19-2313] Loaded Vivado IP repository 'C:/Xilinx/Vivado/2017.1/data/ip'.
open_project: Time (s): cpu = 00:00:11 ; elapsed = 00:00:22 . Memory (MB): peak = 757.996 ; gain = 6.145
update_compile_order -fileset sources_1
reset_run synth_1
launch_runs synth_1 -jobs 4
[Mon Jun 19 01:33:27 2017] Launched synth_1...
Run output will be captured here: C:/GitHub/LabDigitales2017/LAB_5(gerson)/LAB_5.runs/synth_1/runme.log
reset_run synth_1
exit
INFO: [Common 17-206] Exiting Vivado at Mon Jun 19 01:34:06 2017...
