#-----------------------------------------------------------
# Vivado v2016.4 (64-bit)
# SW Build 1756540 on Mon Jan 23 19:11:23 MST 2017
# IP Build 1755317 on Mon Jan 23 20:30:07 MST 2017
# Start of session at: Fri Jun 16 18:53:19 2017
# Process ID: 8152
# Current directory: C:/Users/Diego/LabDigitales2017/LAB_5(gerson)
# Command line: vivado.exe -gui_launcher_event rodinguilauncherevent7880 C:\Users\Diego\LabDigitales2017\LAB_5(gerson)\LAB_5.xpr
# Log file: C:/Users/Diego/LabDigitales2017/LAB_5(gerson)/vivado.log
# Journal file: C:/Users/Diego/LabDigitales2017/LAB_5(gerson)\vivado.jou
#-----------------------------------------------------------
start_gui
open_project C:/Users/Diego/LabDigitales2017/LAB_5(gerson)/LAB_5.xpr
Scanning sources...
Finished scanning sources
WARNING: [filemgmt 56-3] IPUserFilesDir: Could not find the directory 'C:/Users/Diego/LabDigitales2017/LAB_5(gerson)/LAB_5.ip_user_files'.
INFO: [IP_Flow 19-234] Refreshing IP repositories
INFO: [IP_Flow 19-1704] No user IP repositories specified
INFO: [IP_Flow 19-2313] Loaded Vivado IP repository 'C:/Xilinx/Vivado/2016.4/data/ip'.
open_project: Time (s): cpu = 00:00:15 ; elapsed = 00:00:08 . Memory (MB): peak = 719.484 ; gain = 63.113
launch_runs impl_1 -jobs 4
[Fri Jun 16 18:55:35 2017] Launched synth_1...
Run output will be captured here: C:/Users/Diego/LabDigitales2017/LAB_5(gerson)/LAB_5.runs/synth_1/runme.log
[Fri Jun 16 18:55:35 2017] Launched impl_1...
Run output will be captured here: C:/Users/Diego/LabDigitales2017/LAB_5(gerson)/LAB_5.runs/impl_1/runme.log
reset_run synth_1
launch_runs impl_1 -jobs 4
[Fri Jun 16 19:01:52 2017] Launched synth_1...
Run output will be captured here: C:/Users/Diego/LabDigitales2017/LAB_5(gerson)/LAB_5.runs/synth_1/runme.log
[Fri Jun 16 19:01:52 2017] Launched impl_1...
Run output will be captured here: C:/Users/Diego/LabDigitales2017/LAB_5(gerson)/LAB_5.runs/impl_1/runme.log
reset_run synth_1
exit
INFO: [Common 17-206] Exiting Vivado at Sat Jun 17 04:39:25 2017...
