#-----------------------------------------------------------
# Vivado v2016.4 (64-bit)
# SW Build 1756540 on Mon Jan 23 19:11:23 MST 2017
# IP Build 1755317 on Mon Jan 23 20:30:07 MST 2017
# Start of session at: Tue Jun 06 19:48:36 2017
# Process ID: 912
# Current directory: C:/Users/Diego/LabDigitales2017/UART_RX_CTRL
# Command line: vivado.exe -gui_launcher_event rodinguilauncherevent6744 C:\Users\Diego\LabDigitales2017\UART_RX_CTRL\UART_RX_CTRL.xpr
# Log file: C:/Users/Diego/LabDigitales2017/UART_RX_CTRL/vivado.log
# Journal file: C:/Users/Diego/LabDigitales2017/UART_RX_CTRL\vivado.jou
#-----------------------------------------------------------
start_gui
open_project C:/Users/Diego/LabDigitales2017/UART_RX_CTRL/UART_RX_CTRL.xpr
Scanning sources...
Finished scanning sources
INFO: [IP_Flow 19-234] Refreshing IP repositories
INFO: [IP_Flow 19-1704] No user IP repositories specified
INFO: [IP_Flow 19-2313] Loaded Vivado IP repository 'C:/Xilinx/Vivado/2016.4/data/ip'.
open_project: Time (s): cpu = 00:00:18 ; elapsed = 00:00:08 . Memory (MB): peak = 772.148 ; gain = 146.391
exit
INFO: [Common 17-206] Exiting Vivado at Tue Jun 06 19:49:21 2017...
