#-----------------------------------------------------------
# Vivado v2016.4 (64-bit)
# SW Build 1756540 on Mon Jan 23 19:11:23 MST 2017
# IP Build 1755317 on Mon Jan 23 20:30:07 MST 2017
# Start of session at: Tue Jun 13 18:02:17 2017
# Process ID: 6372
# Current directory: C:/Users/Diego/LabDigitales2017/UART_RX_CTRL
# Command line: vivado.exe -gui_launcher_event rodinguilauncherevent8584 C:\Users\Diego\LabDigitales2017\UART_RX_CTRL\UART_RX_CTRL.xpr
# Log file: C:/Users/Diego/LabDigitales2017/UART_RX_CTRL/vivado.log
# Journal file: C:/Users/Diego/LabDigitales2017/UART_RX_CTRL\vivado.jou
#-----------------------------------------------------------
start_gui
open_project C:/Users/Diego/LabDigitales2017/UART_RX_CTRL/UART_RX_CTRL.xpr
INFO: [Project 1-313] Project file moved from 'C:/Users/Sebastián Quiroz/Documents/GitHub/LabDigitales2017/UART_RX_CTRL' since last save.
Scanning sources...
Finished scanning sources
WARNING: [filemgmt 56-2] IPUserFilesDir: Could not find the directory 'C:/Users/Diego/LabDigitales2017/UART_RX_CTRL/UART_RX_CTRL.ip_user_files', nor could it be found using path 'C:/Users/Sebastián Quiroz/Documents/GitHub/LabDigitales2017/UART_RX_CTRL/UART_RX_CTRL.ip_user_files'.
INFO: [IP_Flow 19-234] Refreshing IP repositories
INFO: [IP_Flow 19-1704] No user IP repositories specified
INFO: [IP_Flow 19-2313] Loaded Vivado IP repository 'C:/Xilinx/Vivado/2016.4/data/ip'.
open_project: Time (s): cpu = 00:00:13 ; elapsed = 00:00:08 . Memory (MB): peak = 734.348 ; gain = 96.629
reset_run synth_1
WARNING: [Vivado 12-1017] Problems encountered:
1. Process appears to be on host 'LAPTOP-LB22AJFN' and cannot be killed from host 'LaptopDiewo'

exit
INFO: [Common 17-206] Exiting Vivado at Tue Jun 13 18:03:07 2017...
eam -jobs 4
[Tue Jun 13 18:02:57 2017] Launched synth_1...
Run output will be captured here: C:/Users/Diego/LabDigitales2017/UART_RX_CTRL/UART_RX_CTRL.runs/synth_1/runme.log
[Tue Jun 13 18:02:58 2017] Launched impl_1...
Run output will be captured here: C:/Users/Diego/LabDigitales2017/UART_RX_CTRL/UART_RX_CTRL.runs/impl_1/runme.log
reset_run impl_1
launch_runs impl_1 -jobs 4
[Tue Jun 13 18:04:23 2017] Launched impl_1...
Run output will be captured here: C:/Users/Diego/LabDigitales2017/UART_RX_CTRL/UART_RX_CTRL.runs/impl_1/runme.log
launch_runs impl_1 -to_step write_bitstream -jobs 4
[Tue Jun 13 18:06:56 2017] Launched impl_1...
Run output will be captured here: C:/Users/Diego/LabDigitales2017/UART_RX_CTRL/UART_RX_CTRL.runs/impl_1/runme.log
reset_run impl_1 -prev_step 
launch_runs impl_1 -to_step write_bitstream -jobs 4
<<<<<<< HEAD
[Tue Jun 13 18:07:33 2017] Launched impl_1...
Run output will be captured here: C:/Users/Diego/LabDigitales2017/UART_RX_CTRL/UART_RX_CTRL.runs/impl_1/runme.log
open_hw
connect_hw_server
INFO: [Labtools 27-2285] Connecting to hw_server url TCP:localhost:3121
INFO: [Labtools 27-2222] Launching hw_server...
INFO: [Labtools 27-2221] Launch Output:

****** Xilinx hw_server v2016.4
  **** Build date : Jan 23 2017-19:37:29
    ** Copyright 1986-2016 Xilinx, Inc. All Rights Reserved.


open_hw_target
INFO: [Labtoolstcl 44-466] Opening hw_target localhost:3121/xilinx_tcf/Digilent/210292A3FFD8A
set_property PROGRAM.FILE {C:/Users/Diego/LabDigitales2017/UART_RX_CTRL/UART_RX_CTRL.runs/impl_1/Slave_Endpoint_top.bit} [lindex [get_hw_devices xc7a100t_0] 0]
current_hw_device [lindex [get_hw_devices xc7a100t_0] 0]
refresh_hw_device -update_hw_probes false [lindex [get_hw_devices xc7a100t_0] 0]
INFO: [Labtools 27-1434] Device xc7a100t (JTAG device index = 0) is programmed with a design that has no supported debug core(s) in it.
WARNING: [Labtools 27-3123] The debug hub core was not detected at User Scan Chain 1 or 3.
Resolution: 
1. Make sure the clock connected to the debug hub (dbg_hub) core is a free running clock and is active OR
2. Manually launch hw_server with -e "set xsdb-user-bscan <C_USER_SCAN_CHAIN scan_chain_number>" to detect the debug hub at User Scan Chain of 2 or 4. To determine the user scan chain setting, open the implemented design and use: get_property C_USER_SCAN_CHAIN [get_debug_cores dbg_hub].
set_property PROBES.FILE {} [lindex [get_hw_devices xc7a100t_0] 0]
set_property PROGRAM.FILE {C:/Users/Diego/LabDigitales2017/UART_RX_CTRL/UART_RX_CTRL.runs/impl_1/Slave_Endpoint_top.bit} [lindex [get_hw_devices xc7a100t_0] 0]
program_hw_devices [lindex [get_hw_devices xc7a100t_0] 0]
INFO: [Labtools 27-3164] End of startup status: HIGH
refresh_hw_device [lindex [get_hw_devices xc7a100t_0] 0]
INFO: [Labtools 27-1434] Device xc7a100t (JTAG device index = 0) is programmed with a design that has no supported debug core(s) in it.
WARNING: [Labtools 27-3123] The debug hub core was not detected at User Scan Chain 1 or 3.
Resolution: 
1. Make sure the clock connected to the debug hub (dbg_hub) core is a free running clock and is active OR
2. Manually launch hw_server with -e "set xsdb-user-bscan <C_USER_SCAN_CHAIN scan_chain_number>" to detect the debug hub at User Scan Chain of 2 or 4. To determine the user scan chain setting, open the implemented design and use: get_property C_USER_SCAN_CHAIN [get_debug_cores dbg_hub].
WARNING: [Labtoolstcl 44-130] No matching hw_ilas were found.
WARNING: [Labtoolstcl 44-130] No matching hw_ilas were found.
WARNING: [Labtoolstcl 44-130] No matching hw_ilas were found.
WARNING: [Labtoolstcl 44-130] No matching hw_ilas were found.
ERROR: [Labtools 27-2269] No devices detected on target localhost:3121/xilinx_tcf/Digilent/210292A3FFD8A.
Check cable connectivity and that the target board is powered up then
use the disconnect_hw_server and connect_hw_server to re-register this hardware target.
ERROR: [Labtoolstcl 44-513] HW Target shutdown. Closing target: localhost:3121/xilinx_tcf/Digilent/210292A3FFD8A
INFO: [Labtoolstcl 44-466] Opening hw_target localhost:3121/xilinx_tcf/Digilent/210292A3FFD8A
ERROR: [Labtools 27-2269] No devices detected on target localhost:3121/xilinx_tcf/Digilent/210292A3FFD8A.
Check cable connectivity and that the target board is powered up then
use the disconnect_hw_server and connect_hw_server to re-register this hardware target.
ERROR: [Common 17-39] 'open_hw_target' failed due to earlier errors.
ERROR: [Labtoolstcl 44-513] HW Target shutdown. Closing target: localhost:3121/xilinx_tcf/Digilent/210292A3FFD8A
exit
INFO: [Common 17-206] Exiting Vivado at Tue Jun 13 18:13:48 2017...
=======
[Tue Jun 13 17:57:03 2017] Launched synth_1...
Run output will be captured here: C:/Users/Sebastián Quiroz/Documents/GitHub/LabDigitales2017/UART_RX_CTRL/UART_RX_CTRL.runs/synth_1/runme.log
[Tue Jun 13 17:57:03 2017] Launched impl_1...
Run output will be captured here: C:/Users/Sebastián Quiroz/Documents/GitHub/LabDigitales2017/UART_RX_CTRL/UART_RX_CTRL.runs/impl_1/runme.log
reset_run synth_1
launch_runs synth_1 -jobs 4
[Tue Jun 13 17:58:10 2017] Launched synth_1...
Run output will be captured here: C:/Users/Sebastián Quiroz/Documents/GitHub/LabDigitales2017/UART_RX_CTRL/UART_RX_CTRL.runs/synth_1/runme.log
reset_run synth_1
launch_runs synth_1 -jobs 4
[Tue Jun 13 17:59:39 2017] Launched synth_1...
Run output will be captured here: C:/Users/Sebastián Quiroz/Documents/GitHub/LabDigitales2017/UART_RX_CTRL/UART_RX_CTRL.runs/synth_1/runme.log
exit
INFO: [Common 17-206] Exiting Vivado at Tue Jun 13 18:04:32 2017...
>>>>>>> e45e814896325fa98bbae82e172d577cf5ac2a71
