#-----------------------------------------------------------
# Vivado v2016.4 (64-bit)
# SW Build 1756540 on Mon Jan 23 19:11:23 MST 2017
# IP Build 1755317 on Mon Jan 23 20:30:07 MST 2017
# Start of session at: Fri Jul 28 19:23:32 2017
# Process ID: 5640
# Current directory: C:/Users/Diego/LabDigitales2017/UART_RX_CTRL
# Command line: vivado.exe -gui_launcher_event rodinguilauncherevent8164 C:\Users\Diego\LabDigitales2017\UART_RX_CTRL\UART_RX_CTRL.xpr
# Log file: C:/Users/Diego/LabDigitales2017/UART_RX_CTRL/vivado.log
# Journal file: C:/Users/Diego/LabDigitales2017/UART_RX_CTRL\vivado.jou
#-----------------------------------------------------------
start_gui
open_project C:/Users/Diego/LabDigitales2017/UART_RX_CTRL/UART_RX_CTRL.xpr
Scanning sources...
Finished scanning sources
WARNING: [filemgmt 56-3] IPUserFilesDir: Could not find the directory 'C:/Users/Diego/LabDigitales2017/UART_RX_CTRL/UART_RX_CTRL.ip_user_files'.
INFO: [IP_Flow 19-234] Refreshing IP repositories
INFO: [IP_Flow 19-1704] No user IP repositories specified
INFO: [IP_Flow 19-2313] Loaded Vivado IP repository 'C:/Xilinx/Vivado/2016.4/data/ip'.
open_project: Time (s): cpu = 00:00:16 ; elapsed = 00:00:09 . Memory (MB): peak = 752.285 ; gain = 107.402
exit
INFO: [Common 17-206] Exiting Vivado at Fri Jul 28 19:43:13 2017...
