#-----------------------------------------------------------
# Vivado v2016.4 (64-bit)
# SW Build 1756540 on Mon Jan 23 19:11:23 MST 2017
# IP Build 1755317 on Mon Jan 23 20:30:07 MST 2017
# Start of session at: Fri May 19 16:01:44 2017
# Process ID: 5196
# Current directory: C:/.Xilinx/Lab4_PartePrevia
# Command line: vivado.exe -gui_launcher_event rodinguilauncherevent3248 C:\.Xilinx\Lab4_PartePrevia\Lab4_PartePrevia.xpr
# Log file: C:/.Xilinx/Lab4_PartePrevia/vivado.log
# Journal file: C:/.Xilinx/Lab4_PartePrevia\vivado.jou
#-----------------------------------------------------------
start_gui
open_project C:/.Xilinx/Lab4_PartePrevia/Lab4_PartePrevia.xpr
Scanning sources...
Finished scanning sources
INFO: [IP_Flow 19-234] Refreshing IP repositories
INFO: [IP_Flow 19-1704] No user IP repositories specified
INFO: [IP_Flow 19-2313] Loaded Vivado IP repository 'C:/Xilinx/Vivado/2016.4/data/ip'.
open_project: Time (s): cpu = 00:00:10 ; elapsed = 00:00:13 . Memory (MB): peak = 726.695 ; gain = 129.828
exit
INFO: [Common 17-206] Exiting Vivado at Fri May 19 16:03:07 2017...
