#-----------------------------------------------------------
# Vivado v2016.4 (64-bit)
# SW Build 1756540 on Mon Jan 23 19:11:23 MST 2017
# IP Build 1755317 on Mon Jan 23 20:30:07 MST 2017
# Start of session at: Tue Jun 27 14:25:10 2017
# Process ID: 13292
# Current directory: C:/Users/Diego/LabDigitales2017/Lab6_preg6
# Command line: vivado.exe -gui_launcher_event rodinguilauncherevent6720 C:\Users\Diego\LabDigitales2017\Lab6_preg6\Lab6_preg6.xpr
# Log file: C:/Users/Diego/LabDigitales2017/Lab6_preg6/vivado.log
# Journal file: C:/Users/Diego/LabDigitales2017/Lab6_preg6\vivado.jou
#-----------------------------------------------------------
start_gui
open_project C:/Users/Diego/LabDigitales2017/Lab6_preg6/Lab6_preg6.xpr
Scanning sources...
Finished scanning sources
INFO: [IP_Flow 19-234] Refreshing IP repositories
INFO: [IP_Flow 19-1704] No user IP repositories specified
INFO: [IP_Flow 19-2313] Loaded Vivado IP repository 'C:/Xilinx/Vivado/2016.4/data/ip'.
open_project: Time (s): cpu = 00:00:13 ; elapsed = 00:00:06 . Memory (MB): peak = 789.855 ; gain = 138.355
close_project
create_project nambah_to_estrintoh C:/Users/Diego/LabDigitales2017/nambah_to_estrintoh -part xc7a100tcsg324-1
INFO: [IP_Flow 19-234] Refreshing IP repositories
INFO: [IP_Flow 19-1704] No user IP repositories specified
INFO: [IP_Flow 19-2313] Loaded Vivado IP repository 'C:/Xilinx/Vivado/2016.4/data/ip'.
file mkdir C:/Users/Diego/LabDigitales2017/nambah_to_estrintoh/nambah_to_estrintoh.srcs/sources_1/new
close [ open C:/Users/Diego/LabDigitales2017/nambah_to_estrintoh/nambah_to_estrintoh.srcs/sources_1/new/numba_to_string.v w ]
add_files C:/Users/Diego/LabDigitales2017/nambah_to_estrintoh/nambah_to_estrintoh.srcs/sources_1/new/numba_to_string.v
exit
INFO: [Common 17-206] Exiting Vivado at Tue Jun 27 18:03:04 2017...
