Copyright 1986-2016 Xilinx, Inc. All Rights Reserved.
------------------------------------------------------------------------------------
| Tool Version : Vivado v.2016.4 (win64) Build 1756540 Mon Jan 23 19:11:23 MST 2017
| Date         : Mon Jun 19 19:33:01 2017
| Host         : LaptopDiewo running 64-bit major release  (build 9200)
| Command      : report_control_sets -verbose -file lab_6_control_sets_placed.rpt
| Design       : lab_6
| Device       : xc7a100t
------------------------------------------------------------------------------------

Control Set Information

Table of Contents
-----------------
1. Summary
2. Flip-Flop Distribution
3. Detailed Control Set Information

1. Summary
----------

+----------------------------------------------------------+-------+
|                          Status                          | Count |
+----------------------------------------------------------+-------+
| Number of unique control sets                            |     9 |
| Unused register locations in slices containing registers |    27 |
+----------------------------------------------------------+-------+


2. Flip-Flop Distribution
-------------------------

+--------------+-----------------------+------------------------+-----------------+--------------+
| Clock Enable | Synchronous Set/Reset | Asynchronous Set/Reset | Total Registers | Total Slices |
+--------------+-----------------------+------------------------+-----------------+--------------+
| No           | No                    | No                     |              25 |           15 |
| No           | No                    | Yes                    |               0 |            0 |
| No           | Yes                   | No                     |              19 |            8 |
| Yes          | No                    | No                     |               0 |            0 |
| Yes          | No                    | Yes                    |               0 |            0 |
| Yes          | Yes                   | No                     |              33 |           13 |
+--------------+-----------------------+------------------------+-----------------+--------------+


3. Detailed Control Set Information
-----------------------------------

+---------------------+-------------------------------------+-------------------------------------------+------------------+----------------+
|     Clock Signal    |            Enable Signal            |              Set/Reset Signal             | Slice Load Count | Bel Load Count |
+---------------------+-------------------------------------+-------------------------------------------+------------------+----------------+
|  inst/inst/clk_out1 | m_driver/push_menu_minimat_y_reg[7] | m_hw/push_menu_minimat_y[3]_i_1_n_0       |                3 |              4 |
|  inst/inst/clk_out1 |                                     | m_driver/hc[10]_i_1_n_0                   |                2 |              5 |
|  inst/inst/clk_out1 | m_driver/vc[9]_i_2_n_0              | m_driver/vc[9]_i_1_n_0                    |                2 |              5 |
|  inst/inst/clk_out1 |                                     | m_driver/row_reg[6]                       |                3 |              6 |
|  inst/inst/clk_out1 | m_hw/push_menu_minimat_x[7]_i_1_n_0 | m_driver/menu_character_position_x_reg[0] |                2 |              6 |
|  inst/inst/clk_out1 | m_driver/push_menu_minimat_y_reg[7] | m_driver/push_menu_minimat_y_reg[0]       |                2 |              7 |
|  inst/inst/clk_out1 |                                     | m_driver/col_reg[7]                       |                3 |              8 |
|  inst/inst/clk_out1 | m_hw/push_menu_minimat_x[7]_i_2_n_0 | m_hw/push_menu_minimat_x[7]_i_1_n_0       |                4 |             11 |
|  inst/inst/clk_out1 |                                     |                                           |               15 |             25 |
+---------------------+-------------------------------------+-------------------------------------------+------------------+----------------+


+--------+-----------------------+
| Fanout | Number of ControlSets |
+--------+-----------------------+
| 4      |                     1 |
| 5      |                     2 |
| 6      |                     2 |
| 7      |                     1 |
| 8      |                     1 |
| 11     |                     1 |
| 16+    |                     1 |
+--------+-----------------------+


