#-----------------------------------------------------------
# Vivado v2016.4 (64-bit)
# SW Build 1756540 on Mon Jan 23 19:11:23 MST 2017
# IP Build 1755317 on Mon Jan 23 20:30:07 MST 2017
# Start of session at: Tue Jun 06 15:24:28 2017
# Process ID: 10292
# Current directory: C:/Users/Diego/LabDigitales2017/UART_RX_CTRL_RESPALDO
# Command line: vivado.exe -gui_launcher_event rodinguilauncherevent5288 C:\Users\Diego\LabDigitales2017\UART_RX_CTRL_RESPALDO\UART_RX_CTRL_RESPALDO.xpr
# Log file: C:/Users/Diego/LabDigitales2017/UART_RX_CTRL_RESPALDO/vivado.log
# Journal file: C:/Users/Diego/LabDigitales2017/UART_RX_CTRL_RESPALDO\vivado.jou
#-----------------------------------------------------------
start_gui
open_project C:/Users/Diego/LabDigitales2017/UART_RX_CTRL_RESPALDO/UART_RX_CTRL_RESPALDO.xpr
Scanning sources...
Finished scanning sources
INFO: [IP_Flow 19-234] Refreshing IP repositories
INFO: [IP_Flow 19-1704] No user IP repositories specified
INFO: [IP_Flow 19-2313] Loaded Vivado IP repository 'C:/Xilinx/Vivado/2016.4/data/ip'.
exit
INFO: [Common 17-206] Exiting Vivado at Tue Jun 06 15:25:17 2017...
