#
# A fatal error has been detected by the Java Runtime Environment:
#
#  EXCEPTION_UNCAUGHT_CXX_EXCEPTION (0xe06d7363) at pc=0x00007ff840ae9e08, pid=12248, tid=12164
#
# JRE version: Java(TM) SE Runtime Environment (8.0_66-b18) (build 1.8.0_66-b18)
# Java VM: Java HotSpot(TM) 64-Bit Server VM (25.66-b18 mixed mode windows-amd64 compressed oops)
# Problematic frame:
# C  [KERNELBASE.dll+0x69e08]
#
# Failed to write core dump. Minidumps are not enabled by default on client versions of Windows
#
# If you would like to submit a bug report, please visit:
#   http://bugreport.java.com/bugreport/crash.jsp
# The crash happened outside the Java Virtual Machine in native code.
# See problematic frame for where to report the bug.
#

---------------  T H R E A D  ---------------

Current thread (0x000001d6c3bf1000):  JavaThread "AWT-EventQueue-1" [_thread_in_native, id=12164, stack(0x00000082a3900000,0x00000082a3e00000)]

siginfo: ExceptionCode=0xe06d7363, ExceptionInformation=0x0000000019930520 0x00000082a3dfd640 0x00007ff8088f73b0 0x00007ff8080a0000 

Registers:
RAX=0x0000008200000035, RBX=0x00007ff8088f73b0, RCX=0x00000000000001d0, RDX=0x000001d6cfb9ce78
RSP=0x00000082a3dfd4d0, RBP=0x00000082a3dfd610, RSI=0x000001d6dd282440, RDI=0x000001d6dd286040
R8 =0x0000000000000000, R9 =0x0000000000000000, R10=0x0000000f00000062, R11=0x000001d6a5a62fa0
R12=0x0000000000000000, R13=0x00000082a3dfdad8, R14=0x00000082a3dfd9c0, R15=0x000001d6aaa18b80
RIP=0x00007ff840ae9e08, EFLAGS=0x0000000000000206

Top of Stack: (sp=0x00000082a3dfd4d0)
0x00000082a3dfd4d0:   0000000000000000 00007ff8088f73b0
0x00000082a3dfd4e0:   000001d6dd282440 000001d6dd286040
0x00000082a3dfd4f0:   00000001e06d7363 0000000000000000
0x00000082a3dfd500:   00007ff840ae9e08 0000000000000004
0x00000082a3dfd510:   0000000019930520 00000082a3dfd640
0x00000082a3dfd520:   00007ff8088f73b0 00007ff8080a0000
0x00000082a3dfd530:   00000082a3dfd9c0 0000000000000000
0x00000082a3dfd540:   000001d6dd286040 000001d6dd282440
0x00000082a3dfd550:   00000082a3dfd610 00007ff843a8ba13
0x00000082a3dfd560:   00000082a3dfd620 0000008200000000
0x00000082a3dfd570:   000001d6a7970020 00007ff800000002
0x00000082a3dfd580:   00007ff808adb000 00007ff8080a0000
0x00000082a3dfd590:   0000356eedbdfa93 000000000a92f048
0x00000082a3dfd5a0:   00007ff8088f73b0 00007ff81f8ae92c
0x00000082a3dfd5b0:   00007ff79fd20080 0000000000001000
0x00000082a3dfd5c0:   0000000000000009 0000000000001000 

Instructions: (pc=0x00007ff840ae9e08)
0x00007ff840ae9de8:   49 8b d1 44 0f 47 c0 44 89 44 24 38 49 c1 e0 03
0x00007ff840ae9df8:   e8 1b db 01 00 48 8d 4c 24 20 ff 15 d0 c7 0f 00
0x00007ff840ae9e08:   48 8b 8c 24 c0 00 00 00 48 33 cc e8 78 b0 01 00
0x00007ff840ae9e18:   48 81 c4 d8 00 00 00 c3 83 64 24 38 00 eb d6 cc 


Register to memory mapping:

RAX=0x0000008200000035 is an unknown value
RBX=0x00007ff8088f73b0 is an unknown value
RCX=0x00000000000001d0 is an unknown value
RDX=0x000001d6cfb9ce78 is an unknown value
RSP=0x00000082a3dfd4d0 is pointing into the stack for thread: 0x000001d6c3bf1000
RBP=0x00000082a3dfd610 is pointing into the stack for thread: 0x000001d6c3bf1000
RSI=0x000001d6dd282440 is an unknown value
RDI=0x000001d6dd286040 is an unknown value
R8 =0x0000000000000000 is an unknown value
R9 =0x0000000000000000 is an unknown value
R10=0x0000000f00000062 is an unknown value
R11=0x000001d6a5a62fa0 is an unknown value
R12=0x0000000000000000 is an unknown value
R13=0x00000082a3dfdad8 is pointing into the stack for thread: 0x000001d6c3bf1000
R14=0x00000082a3dfd9c0 is pointing into the stack for thread: 0x000001d6c3bf1000
R15=0x000001d6aaa18b80 is an unknown value


Stack: [0x00000082a3900000,0x00000082a3e00000],  sp=0x00000082a3dfd4d0,  free space=5109k
Native frames: (J=compiled Java code, j=interpreted, Vv=VM code, C=native code)
C  [KERNELBASE.dll+0x69e08]
C  [MSVCR110.dll+0x5e92c]
C  [librdi_common.dll+0x42394a]
C  [SHSMP64.dll+0x180c3]
C  [librdi_common.dll+0xec399]
C  [librdi_labtools.dll+0x2b2419]
C  0x000001d6ab75c21a

Java frames: (J=compiled Java code, j=interpreted, Vv=VM code)
J 20483  ui.data.labtools.lthwdatai.HWDevice_getName(J)Ljava/lang/String; (0 bytes) @ 0x000001d6ab75c181 [0x000001d6ab75c140+0x41]
J 20118 C1 ui.data.labtools.b.getName()Ljava/lang/String; (5 bytes) @ 0x000001d6ae19ff44 [0x000001d6ae19fe80+0xc4]
j  ui.views.cB.bo(Lui/data/bl;)V+39
J 20174 C1 ui.views.bE.a(Lui/frmwork/a/h;)V (2747 bytes) @ 0x000001d6ae27f634 [0x000001d6ae26c7a0+0x12e94]
J 16034 C1 ui.frmwork.a.k.d(Lui/frmwork/a/h;)V (61 bytes) @ 0x000001d6ab4f4264 [0x000001d6ab4f3980+0x8e4]
J 14005 C1 ui.frmwork.HTclEventBroker.i(JZ)V (497 bytes) @ 0x000001d6acca11c4 [0x000001d6acc9d300+0x3ec4]
J 16036 C1 ui.frmwork.HTclEventBroker$$Lambda$24.run()V (12 bytes) @ 0x000001d6ab3374b4 [0x000001d6ab3373c0+0xf4]
J 8948 C2 java.awt.EventQueue$3.run()Ljava/lang/Object; (5 bytes) @ 0x000001d6ab6e327c [0x000001d6ab6e2dc0+0x4bc]
v  ~StubRoutines::call_stub
J 1614  java.security.AccessController.doPrivileged(Ljava/security/PrivilegedAction;Ljava/security/AccessControlContext;)Ljava/lang/Object; (0 bytes) @ 0x000001d6ab07cfa6 [0x000001d6ab07cf40+0x66]
J 8949 C2 ui.frmwork.a.d.dispatchEvent(Ljava/awt/AWTEvent;)V (30 bytes) @ 0x000001d6ab65bd2c [0x000001d6ab65b980+0x3ac]
J 18693 C2 java.awt.EventDispatchThread.pumpOneEventForFilters(I)V (295 bytes) @ 0x000001d6ac0dce30 [0x000001d6ac0dc880+0x5b0]
J 13158% C2 java.awt.EventDispatchThread.pumpEventsForFilter(ILjava/awt/Conditional;Ljava/awt/EventFilter;)V (47 bytes) @ 0x000001d6aba34740 [0x000001d6aba34640+0x100]
j  java.awt.EventDispatchThread.pumpEventsForHierarchy(ILjava/awt/Conditional;Ljava/awt/Component;)V+11
j  java.awt.EventDispatchThread.pumpEvents(ILjava/awt/Conditional;)V+4
j  java.awt.EventDispatchThread.pumpEvents(Ljava/awt/Conditional;)V+3
j  java.awt.EventDispatchThread.run()V+9
v  ~StubRoutines::call_stub

---------------  P R O C E S S  ---------------

Java Threads: ( => current thread )
  0x000001d6f8ac7800 JavaThread "Update Design Hierarchy" [_thread_blocked, id=12456, stack(0x0000008445200000,0x0000008445700000)]
  0x000001d6f920f800 JavaThread "Thread-1130" [_thread_in_native, id=12120, stack(0x00000083e0700000,0x00000083e0800000)]
  0x000001d6d79ec800 JavaThread "Monitor File Timestamp Swing Worker" [_thread_blocked, id=864, stack(0x00000083ea300000,0x00000083ea800000)]
  0x000001d6c9b68800 JavaThread "Monitor File Timestamp Swing Worker" [_thread_blocked, id=10904, stack(0x00000083cdc00000,0x00000083ce100000)]
  0x000001d6cc405000 JavaThread "Monitor File Timestamp Swing Worker" [_thread_blocked, id=1016, stack(0x000000830fc00000,0x0000008310100000)]
  0x000001d6c9006800 JavaThread "Swing-Shell" daemon [_thread_blocked, id=9168, stack(0x0000008303d00000,0x0000008304200000)]
  0x000001d6c5cf1800 JavaThread "Monitor File Timestamp Swing Worker" [_thread_blocked, id=10148, stack(0x00000082bf000000,0x00000082bf500000)]
  0x000001d6c60e1000 JavaThread "Monitor File Timestamp Swing Worker" [_thread_blocked, id=12056, stack(0x00000082bb900000,0x00000082bbe00000)]
  0x000001d6c21f0800 JavaThread "Monitor File Timestamp Swing Worker" [_thread_blocked, id=13308, stack(0x00000082aa500000,0x00000082aaa00000)]
  0x000001d6c5440800 JavaThread "hw_ila_monitor" [_thread_blocked, id=13292, stack(0x00000082a7300000,0x00000082a7800000)]
  0x000001d6c5dc9800 JavaThread "Update Runs Swing Worker" [_thread_blocked, id=2760, stack(0x00000082a6e00000,0x00000082a7300000)]
  0x000001d6c569d800 JavaThread "Refresh Filesets Swing Worker" [_thread_blocked, id=9660, stack(0x00000082a6900000,0x00000082a6e00000)]
  0x000001d6c5c37800 JavaThread "Monitor File Timestamp Swing Worker" [_thread_blocked, id=11572, stack(0x00000082a5c00000,0x00000082a6100000)]
=>0x000001d6c3bf1000 JavaThread "AWT-EventQueue-1" [_thread_in_native, id=12164, stack(0x00000082a3900000,0x00000082a3e00000)]
  0x000001d6c3bff800 JavaThread "Process Messages" [_thread_blocked, id=9696, stack(0x00000082a3400000,0x00000082a3900000)]
  0x000001d6aa9ca800 JavaThread "Thread-3" [_thread_in_native, id=9232, stack(0x000000829dc00000,0x000000829f000000)]
  0x000001d6c2b72800 JavaThread "AWT-EventQueue-0" [_thread_blocked, id=9548, stack(0x00000082a2f00000,0x00000082a3400000)]
  0x000001d6c22e3000 JavaThread "AWT-Windows" daemon [_thread_in_native, id=8892, stack(0x00000082a2500000,0x00000082a2a00000)]
  0x000001d6c22e4800 JavaThread "AWT-Shutdown" [_thread_blocked, id=12944, stack(0x00000082a2000000,0x00000082a2500000)]
  0x000001d6c22e5800 JavaThread "Java2D Disposer" daemon [_thread_blocked, id=14612, stack(0x00000082a1b00000,0x00000082a2000000)]
  0x000001d6c2007800 JavaThread "TimerQueue" daemon [_thread_blocked, id=7636, stack(0x00000082a1600000,0x00000082a1b00000)]
  0x000001d6c1dc5800 JavaThread "Service Thread" daemon [_thread_blocked, id=6548, stack(0x00000082a1000000,0x00000082a1500000)]
  0x000001d6c1ca7000 JavaThread "C1 CompilerThread2" daemon [_thread_blocked, id=7024, stack(0x00000082a0f00000,0x00000082a1000000)]
  0x000001d6c1ca8800 JavaThread "C2 CompilerThread1" daemon [_thread_blocked, id=200, stack(0x00000082a0e00000,0x00000082a0f00000)]
  0x000001d6c1caa000 JavaThread "C2 CompilerThread0" daemon [_thread_blocked, id=14952, stack(0x00000082a0d00000,0x00000082a0e00000)]
  0x000001d6c1cac000 JavaThread "Attach Listener" daemon [_thread_blocked, id=10464, stack(0x00000082a0800000,0x00000082a0d00000)]
  0x000001d6c1cad800 JavaThread "Signal Dispatcher" daemon [_thread_blocked, id=14580, stack(0x00000082a0300000,0x00000082a0800000)]
  0x000001d6c1b2c000 JavaThread "Finalizer" daemon [_thread_blocked, id=14520, stack(0x000000829fe00000,0x00000082a0300000)]
  0x000001d6c1b2d000 JavaThread "Reference Handler" daemon [_thread_blocked, id=3612, stack(0x000000829f900000,0x000000829fe00000)]
  0x000001d6aa996000 JavaThread "main" [_thread_blocked, id=7264, stack(0x000000829f300000,0x000000829f400000)]

Other Threads:
  0x000001d6c1930800 VMThread [stack: 0x000000829f800000,0x000000829f900000] [id=1216]
  0x000001d6c1e25800 WatcherThread [stack: 0x00000082a1500000,0x00000082a1600000] [id=2844]

VM state:not at safepoint (normal execution)

VM Mutex/Monitor currently owned by a thread: None

Heap:
 PSYoungGen      total 55808K, used 18646K [0x00000007bc400000, 0x00000007c0000000, 0x00000007c0000000)
  eden space 50176K, 33% used [0x00000007bc400000,0x00000007bd460070,0x00000007bf500000)
  from space 5632K, 33% used [0x00000007bf500000,0x00000007bf6d59e0,0x00000007bfa80000)
  to   space 5632K, 0% used [0x00000007bfa80000,0x00000007bfa80000,0x00000007c0000000)
 ParOldGen       total 175616K, used 65682K [0x0000000700000000, 0x000000070ab80000, 0x00000007bc400000)
  object space 175616K, 37% used [0x0000000700000000,0x0000000704024a80,0x000000070ab80000)
 Metaspace       used 76508K, capacity 77345K, committed 77952K, reserved 1116160K
  class space    used 11402K, capacity 11548K, committed 11648K, reserved 1048576K

Card table byte_map: [0x000001d6b9e80000,0x000001d6ba490000] byte_map_base: 0x000001d6b6680000

Marking Bits: (ParMarkBitMap*) 0x000000005774a5b0
 Begin Bits: [0x000001d6baa80000, 0x000001d6bda80000)
 End Bits:   [0x000001d6bda80000, 0x000001d6c0a80000)

Polling page: 0x000001d6a70f0000

CodeCache: size=245760Kb used=57068Kb max_used=57419Kb free=188691Kb
 bounds [0x000001d6aaac0000, 0x000001d6ae340000, 0x000001d6b9ac0000]
 total_blobs=15805 nmethods=14848 adapters=860
 compilation: enabled

Compilation events (10 events):
Event: 6496.630 Thread 0x000001d6c1ca7000 20556       1       ui.views.p.a.n::aqI (5 bytes)
Event: 6496.630 Thread 0x000001d6c1ca7000 nmethod 20556 0x000001d6ac607890 code [0x000001d6ac6079e0, 0x000001d6ac607af8]
Event: 6496.633 Thread 0x000001d6c1ca7000 20558       3       javax.swing.plaf.basic.BasicTreeUI::updateLayoutCacheExpandedNodes (40 bytes)
Event: 6496.635 Thread 0x000001d6c1ca7000 nmethod 20558 0x000001d6add5b750 code [0x000001d6add5b900, 0x000001d6add5bf60]
Event: 6496.640 Thread 0x000001d6c1ca8800 nmethod 20555 0x000001d6ac607350 code [0x000001d6ac6074a0, 0x000001d6ac6076b8]
Event: 6496.644 Thread 0x000001d6c1ca8800 20557       4       com.jidesoft.list.CompoundListDataEvent::<init> (10 bytes)
Event: 6496.644 Thread 0x000001d6c1caa000 nmethod 20554 0x000001d6ab2dcdd0 code [0x000001d6ab2dcf40, 0x000001d6ab2dd3f8]
Event: 6496.647 Thread 0x000001d6c1ca8800 nmethod 20557 0x000001d6ab15f690 code [0x000001d6ab15f7c0, 0x000001d6ab15f878]
Event: 6496.690 Thread 0x000001d6c1ca8800 20559       4       ui.data.design.n::aoG (13 bytes)
Event: 6496.691 Thread 0x000001d6c1ca8800 nmethod 20559 0x000001d6ab1d7790 code [0x000001d6ab1d78c0, 0x000001d6ab1d7938]

GC Heap History (10 events):
Event: 6409.897 GC heap before
{Heap before GC invocations=299 (full 12):
 PSYoungGen      total 55296K, used 50308K [0x00000007bc400000, 0x00000007c0000000, 0x00000007c0000000)
  eden space 49152K, 100% used [0x00000007bc400000,0x00000007bf400000,0x00000007bf400000)
  from space 6144K, 18% used [0x00000007bfa00000,0x00000007bfb212b8,0x00000007c0000000)
  to   space 6144K, 0% used [0x00000007bf400000,0x00000007bf400000,0x00000007bfa00000)
 ParOldGen       total 175616K, used 65674K [0x0000000700000000, 0x000000070ab80000, 0x00000007bc400000)
  object space 175616K, 37% used [0x0000000700000000,0x0000000704022a80,0x000000070ab80000)
 Metaspace       used 76262K, capacity 77121K, committed 77568K, reserved 1116160K
  class space    used 11369K, capacity 11516K, committed 11520K, reserved 1048576K
Event: 6409.901 GC heap after
Heap after GC invocations=299 (full 12):
 PSYoungGen      total 55296K, used 1546K [0x00000007bc400000, 0x00000007c0000000, 0x00000007c0000000)
  eden space 49152K, 0% used [0x00000007bc400000,0x00000007bc400000,0x00000007bf400000)
  from space 6144K, 25% used [0x00000007bf400000,0x00000007bf582858,0x00000007bfa00000)
  to   space 6144K, 0% used [0x00000007bfa00000,0x00000007bfa00000,0x00000007c0000000)
 ParOldGen       total 175616K, used 65674K [0x0000000700000000, 0x000000070ab80000, 0x00000007bc400000)
  object space 175616K, 37% used [0x0000000700000000,0x0000000704022a80,0x000000070ab80000)
 Metaspace       used 76262K, capacity 77121K, committed 77568K, reserved 1116160K
  class space    used 11369K, capacity 11516K, committed 11520K, reserved 1048576K
}
Event: 6425.545 GC heap before
{Heap before GC invocations=300 (full 12):
 PSYoungGen      total 55296K, used 50698K [0x00000007bc400000, 0x00000007c0000000, 0x00000007c0000000)
  eden space 49152K, 100% used [0x00000007bc400000,0x00000007bf400000,0x00000007bf400000)
  from space 6144K, 25% used [0x00000007bf400000,0x00000007bf582858,0x00000007bfa00000)
  to   space 6144K, 0% used [0x00000007bfa00000,0x00000007bfa00000,0x00000007c0000000)
 ParOldGen       total 175616K, used 65674K [0x0000000700000000, 0x000000070ab80000, 0x00000007bc400000)
  object space 175616K, 37% used [0x0000000700000000,0x0000000704022a80,0x000000070ab80000)
 Metaspace       used 76484K, capacity 77345K, committed 77952K, reserved 1116160K
  class space    used 11402K, capacity 11548K, committed 11648K, reserved 1048576K
Event: 6425.550 GC heap after
Heap after GC invocations=300 (full 12):
 PSYoungGen      total 55296K, used 2876K [0x00000007bc400000, 0x00000007c0000000, 0x00000007c0000000)
  eden space 49152K, 0% used [0x00000007bc400000,0x00000007bc400000,0x00000007bf400000)
  from space 6144K, 46% used [0x00000007bfa00000,0x00000007bfccf198,0x00000007c0000000)
  to   space 6144K, 0% used [0x00000007bf400000,0x00000007bf400000,0x00000007bfa00000)
 ParOldGen       total 175616K, used 65682K [0x0000000700000000, 0x000000070ab80000, 0x00000007bc400000)
  object space 175616K, 37% used [0x0000000700000000,0x0000000704024a80,0x000000070ab80000)
 Metaspace       used 76484K, capacity 77345K, committed 77952K, reserved 1116160K
  class space    used 11402K, capacity 11548K, committed 11648K, reserved 1048576K
}
Event: 6463.347 GC heap before
{Heap before GC invocations=301 (full 12):
 PSYoungGen      total 55296K, used 52028K [0x00000007bc400000, 0x00000007c0000000, 0x00000007c0000000)
  eden space 49152K, 100% used [0x00000007bc400000,0x00000007bf400000,0x00000007bf400000)
  from space 6144K, 46% used [0x00000007bfa00000,0x00000007bfccf198,0x00000007c0000000)
  to   space 6144K, 0% used [0x00000007bf400000,0x00000007bf400000,0x00000007bfa00000)
 ParOldGen       total 175616K, used 65682K [0x0000000700000000, 0x000000070ab80000, 0x00000007bc400000)
  object space 175616K, 37% used [0x0000000700000000,0x0000000704024a80,0x000000070ab80000)
 Metaspace       used 76497K, capacity 77345K, committed 77952K, reserved 1116160K
  class space    used 11402K, capacity 11548K, committed 11648K, reserved 1048576K
Event: 6463.352 GC heap after
Heap after GC invocations=301 (full 12):
 PSYoungGen      total 55296K, used 2340K [0x00000007bc400000, 0x00000007c0000000, 0x00000007c0000000)
  eden space 49152K, 0% used [0x00000007bc400000,0x00000007bc400000,0x00000007bf400000)
  from space 6144K, 38% used [0x00000007bf400000,0x00000007bf6493d0,0x00000007bfa00000)
  to   space 5632K, 0% used [0x00000007bfa80000,0x00000007bfa80000,0x00000007c0000000)
 ParOldGen       total 175616K, used 65682K [0x0000000700000000, 0x000000070ab80000, 0x00000007bc400000)
  object space 175616K, 37% used [0x0000000700000000,0x0000000704024a80,0x000000070ab80000)
 Metaspace       used 76497K, capacity 77345K, committed 77952K, reserved 1116160K
  class space    used 11402K, capacity 11548K, committed 11648K, reserved 1048576K
}
Event: 6476.406 GC heap before
{Heap before GC invocations=302 (full 12):
 PSYoungGen      total 55296K, used 51492K [0x00000007bc400000, 0x00000007c0000000, 0x00000007c0000000)
  eden space 49152K, 100% used [0x00000007bc400000,0x00000007bf400000,0x00000007bf400000)
  from space 6144K, 38% used [0x00000007bf400000,0x00000007bf6493d0,0x00000007bfa00000)
  to   space 5632K, 0% used [0x00000007bfa80000,0x00000007bfa80000,0x00000007c0000000)
 ParOldGen       total 175616K, used 65682K [0x0000000700000000, 0x000000070ab80000, 0x00000007bc400000)
  object space 175616K, 37% used [0x0000000700000000,0x0000000704024a80,0x000000070ab80000)
 Metaspace       used 76507K, capacity 77345K, committed 77952K, reserved 1116160K
  class space    used 11402K, capacity 11548K, committed 11648K, reserved 1048576K
Event: 6476.419 GC heap after
Heap after GC invocations=302 (full 12):
 PSYoungGen      total 55808K, used 2534K [0x00000007bc400000, 0x00000007c0000000, 0x00000007c0000000)
  eden space 50176K, 0% used [0x00000007bc400000,0x00000007bc400000,0x00000007bf500000)
  from space 5632K, 45% used [0x00000007bfa80000,0x00000007bfcf9ab0,0x00000007c0000000)
  to   space 5632K, 0% used [0x00000007bf500000,0x00000007bf500000,0x00000007bfa80000)
 ParOldGen       total 175616K, used 65682K [0x0000000700000000, 0x000000070ab80000, 0x00000007bc400000)
  object space 175616K, 37% used [0x0000000700000000,0x0000000704024a80,0x000000070ab80000)
 Metaspace       used 76507K, capacity 77345K, committed 77952K, reserved 1116160K
  class space    used 11402K, capacity 11548K, committed 11648K, reserved 1048576K
}
Event: 6492.497 GC heap before
{Heap before GC invocations=303 (full 12):
 PSYoungGen      total 55808K, used 52710K [0x00000007bc400000, 0x00000007c0000000, 0x00000007c0000000)
  eden space 50176K, 100% used [0x00000007bc400000,0x00000007bf500000,0x00000007bf500000)
  from space 5632K, 45% used [0x00000007bfa80000,0x00000007bfcf9ab0,0x00000007c0000000)
  to   space 5632K, 0% used [0x00000007bf500000,0x00000007bf500000,0x00000007bfa80000)
 ParOldGen       total 175616K, used 65682K [0x0000000700000000, 0x000000070ab80000, 0x00000007bc400000)
  object space 175616K, 37% used [0x0000000700000000,0x0000000704024a80,0x000000070ab80000)
 Metaspace       used 76508K, capacity 77345K, committed 77952K, reserved 1116160K
  class space    used 11402K, capacity 11548K, committed 11648K, reserved 1048576K
Event: 6492.501 GC heap after
Heap after GC invocations=303 (full 12):
 PSYoungGen      total 55808K, used 1878K [0x00000007bc400000, 0x00000007c0000000, 0x00000007c0000000)
  eden space 50176K, 0% used [0x00000007bc400000,0x00000007bc400000,0x00000007bf500000)
  from space 5632K, 33% used [0x00000007bf500000,0x00000007bf6d59e0,0x00000007bfa80000)
  to   space 5632K, 0% used [0x00000007bfa80000,0x00000007bfa80000,0x00000007c0000000)
 ParOldGen       total 175616K, used 65682K [0x0000000700000000, 0x000000070ab80000, 0x00000007bc400000)
  object space 175616K, 37% used [0x0000000700000000,0x0000000704024a80,0x000000070ab80000)
 Metaspace       used 76508K, capacity 77345K, committed 77952K, reserved 1116160K
  class space    used 11402K, capacity 11548K, committed 11648K, reserved 1048576K
}

Deoptimization events (10 events):
Event: 6416.877 Thread 0x000001d6c3bf1000 Uncommon trap: reason=class_check action=maybe_recompile pc=0x000001d6adf0dcc0 method=javax.swing.JComponent.paint(Ljava/awt/Graphics;)V @ 106
Event: 6416.888 Thread 0x000001d6c3bf1000 Uncommon trap: reason=class_check action=maybe_recompile pc=0x000001d6adf0dcc0 method=javax.swing.JComponent.paint(Ljava/awt/Graphics;)V @ 106
Event: 6417.607 Thread 0x000001d6c3bf1000 Uncommon trap: reason=unstable_if action=reinterpret pc=0x000001d6ae111afc method=com.jidesoft.grid.JideTable.isCellSelected(II)Z @ 12
Event: 6417.613 Thread 0x000001d6c3bf1000 Uncommon trap: reason=unstable_if action=reinterpret pc=0x000001d6ac3c2690 method=com.jidesoft.grid.JideTable$t_.propertyChange(Ljava/beans/PropertyChangeEvent;)V @ 25
Event: 6463.547 Thread 0x000001d6c3bf1000 Uncommon trap: reason=bimorphic action=maybe_recompile pc=0x000001d6abaff4ac method=com.jidesoft.list.DefaultListModelWrapper.reallocateIndexes()V @ 8
Event: 6463.547 Thread 0x000001d6c3bf1000 Uncommon trap: reason=bimorphic action=maybe_recompile pc=0x000001d6abd867f4 method=com.jidesoft.list.CompoundListDataEvent.fireListDataEvent(Lcom/jidesoft/list/EventFireListModel;Ljavax/swing/event/ListDataEvent;)V @ 111
Event: 6465.971 Thread 0x000001d6c3bf1000 Uncommon trap: reason=bimorphic action=maybe_recompile pc=0x000001d6aba216c8 method=java.awt.CardLayout.layoutContainer(Ljava/awt/Container;)V @ 8
Event: 6465.972 Thread 0x000001d6c3bf1000 Uncommon trap: reason=bimorphic action=maybe_recompile pc=0x000001d6aba216c8 method=java.awt.CardLayout.layoutContainer(Ljava/awt/Container;)V @ 8
Event: 6466.120 Thread 0x000001d6c3bf1000 Uncommon trap: reason=bimorphic action=maybe_recompile pc=0x000001d6aba216c8 method=java.awt.CardLayout.layoutContainer(Ljava/awt/Container;)V @ 8
Event: 6466.585 Thread 0x000001d6c3bf1000 Uncommon trap: reason=bimorphic action=maybe_recompile pc=0x000001d6aba216c8 method=java.awt.CardLayout.layoutContainer(Ljava/awt/Container;)V @ 8

Internal exceptions (10 events):
Event: 5939.865 Thread 0x000001d6c3bf1000 Exception <a 'java/io/FileNotFoundException'> (0x00000007be14d8a8) thrown at [C:\re\workspace\8-2-build-windows-amd64-cygwin\jdk8u66\5298\hotspot\src\share\vm\prims\jni.cpp, line 709]
Event: 5944.870 Thread 0x000001d6c3bf1000 Exception <a 'java/io/FileNotFoundException'> (0x00000007be3ce960) thrown at [C:\re\workspace\8-2-build-windows-amd64-cygwin\jdk8u66\5298\hotspot\src\share\vm\prims\jni.cpp, line 709]
Event: 5949.872 Thread 0x000001d6c3bf1000 Exception <a 'java/io/FileNotFoundException'> (0x00000007be5d60f8) thrown at [C:\re\workspace\8-2-build-windows-amd64-cygwin\jdk8u66\5298\hotspot\src\share\vm\prims\jni.cpp, line 709]
Event: 5954.872 Thread 0x000001d6c3bf1000 Exception <a 'java/io/FileNotFoundException'> (0x00000007be80cd20) thrown at [C:\re\workspace\8-2-build-windows-amd64-cygwin\jdk8u66\5298\hotspot\src\share\vm\prims\jni.cpp, line 709]
Event: 5955.606 Thread 0x000001d6f920f800 Implicit null exception at 0x000001d6ad28057b to 0x000001d6ad280b05
Event: 5959.873 Thread 0x000001d6c3bf1000 Exception <a 'java/io/FileNotFoundException'> (0x00000007bda7f598) thrown at [C:\re\workspace\8-2-build-windows-amd64-cygwin\jdk8u66\5298\hotspot\src\share\vm\prims\jni.cpp, line 709]
Event: 5964.878 Thread 0x000001d6c3bf1000 Exception <a 'java/io/FileNotFoundException'> (0x00000007bc5b2338) thrown at [C:\re\workspace\8-2-build-windows-amd64-cygwin\jdk8u66\5298\hotspot\src\share\vm\prims\jni.cpp, line 709]
Event: 5969.886 Thread 0x000001d6c3bf1000 Exception <a 'java/io/FileNotFoundException'> (0x00000007bc886780) thrown at [C:\re\workspace\8-2-build-windows-amd64-cygwin\jdk8u66\5298\hotspot\src\share\vm\prims\jni.cpp, line 709]
Event: 5974.889 Thread 0x000001d6c3bf1000 Exception <a 'java/io/FileNotFoundException'> (0x00000007bcb48078) thrown at [C:\re\workspace\8-2-build-windows-amd64-cygwin\jdk8u66\5298\hotspot\src\share\vm\prims\jni.cpp, line 709]
Event: 5979.903 Thread 0x000001d6c3bf1000 Exception <a 'java/io/FileNotFoundException'> (0x00000007bce48920) thrown at [C:\re\workspace\8-2-build-windows-amd64-cygwin\jdk8u66\5298\hotspot\src\share\vm\prims\jni.cpp, line 709]

Events (10 events):
Event: 6496.647 Thread 0x000001d6c1caa000 flushing nmethod 0x000001d6ab5a3250
Event: 6496.690 Thread 0x000001d6f8ac7800 Thread added: 0x000001d6f8ac7800
Event: 6496.690 Executing VM operation: RevokeBias
Event: 6496.690 Executing VM operation: RevokeBias done
Event: 6496.693 Thread 0x000001d6c1ca8800 flushing nmethod 0x000001d6ab8219d0
Event: 6496.695 Thread 0x000001d6f8ac5000 Thread added: 0x000001d6f8ac5000
Event: 6501.715 Executing VM operation: BulkRevokeBias
Event: 6501.716 Executing VM operation: BulkRevokeBias done
Event: 6501.716 Thread 0x000001d6f8ac5000 Thread exited: 0x000001d6f8ac5000
Event: 6501.716 Thread 0x000001d6f9426800 Thread exited: 0x000001d6f9426800


Dynamic libraries:
0x00007ff7a1100000 - 0x00007ff7a1130000 	C:\Xilinx\Vivado\2016.4\bin\unwrapped\win64.o\vivado.exe
0x00007ff843a70000 - 0x00007ff843c4b000 	C:\WINDOWS\SYSTEM32\ntdll.dll
0x00007ff841230000 - 0x00007ff8412de000 	C:\WINDOWS\System32\KERNEL32.DLL
0x00007ff840a80000 - 0x00007ff840cc9000 	C:\WINDOWS\System32\KERNELBASE.dll
0x00007ff832750000 - 0x00007ff832763000 	C:\Xilinx\Vivado\2016.4\lib\win64.o\libboost_signals.dll
0x000000000a900000 - 0x000000000a98d000 	C:\Xilinx\Vivado\2016.4\lib\win64.o\SHSMP64.dll
0x00007ff8080a0000 - 0x00007ff808b4a000 	C:\Xilinx\Vivado\2016.4\lib\win64.o\librdi_common.dll
0x00007ff832560000 - 0x00007ff832571000 	C:\Xilinx\Vivado\2016.4\lib\win64.o\librdi_commonmain.dll
0x00007ff8418e0000 - 0x00007ff841a2a000 	C:\WINDOWS\System32\USER32.dll
0x00007ff82b710000 - 0x00007ff82b7b7000 	C:\WINDOWS\SYSTEM32\MSVCP110.dll
0x00007ff840a60000 - 0x00007ff840a7e000 	C:\WINDOWS\System32\win32u.dll
0x00007ff841c20000 - 0x00007ff841c28000 	C:\WINDOWS\System32\PSAPI.DLL
0x00007ff81f850000 - 0x00007ff81f924000 	C:\WINDOWS\SYSTEM32\MSVCR110.dll
0x00007ff841730000 - 0x00007ff841757000 	C:\WINDOWS\System32\GDI32.dll
0x00007ff842280000 - 0x00007ff8436b7000 	C:\WINDOWS\System32\SHELL32.dll
0x00007ff840e40000 - 0x00007ff840fc8000 	C:\WINDOWS\System32\gdi32full.dll
0x00007ff841820000 - 0x00007ff8418bd000 	C:\WINDOWS\System32\msvcrt.dll
0x00007ff83fff0000 - 0x00007ff84008a000 	C:\WINDOWS\System32\msvcp_win.dll
0x00007ff840cd0000 - 0x00007ff840dc6000 	C:\WINDOWS\System32\ucrtbase.dll
0x00007ff840090000 - 0x00007ff8400d9000 	C:\WINDOWS\System32\cfgmgr32.dll
0x00007ff82b190000 - 0x00007ff82b1b4000 	C:\Xilinx\Vivado\2016.4\lib\win64.o\libboost_filesystem.dll
0x00007ff814900000 - 0x00007ff814c6e000 	C:\Xilinx\Vivado\2016.4\lib\win64.o\libCOIN-all.dll
0x00007ff841c30000 - 0x00007ff841cd1000 	C:\WINDOWS\System32\ADVAPI32.dll
0x00007ff8412e0000 - 0x00007ff84138a000 	C:\WINDOWS\System32\shcore.dll
0x00007ff8417c0000 - 0x00007ff841819000 	C:\WINDOWS\System32\sechost.dll
0x00007ff841af0000 - 0x00007ff841c15000 	C:\WINDOWS\System32\RPCRT4.dll
0x00007ff841430000 - 0x00007ff841729000 	C:\WINDOWS\System32\combase.dll
0x00007ff835060000 - 0x00007ff835069000 	C:\Xilinx\Vivado\2016.4\lib\win64.o\librdi_commonversion.dll
0x00007ff8146e0000 - 0x00007ff8148ff000 	C:\Xilinx\Vivado\2016.4\lib\win64.o\libXil_lmgr11.dll
0x00007ff840dd0000 - 0x00007ff840e3a000 	C:\WINDOWS\System32\bcryptPrimitives.dll
0x00007ff841120000 - 0x00007ff841228000 	C:\WINDOWS\System32\COMDLG32.dll
0x00007ff8402b0000 - 0x00007ff8409a3000 	C:\WINDOWS\System32\windows.storage.dll
0x00007ff841760000 - 0x00007ff8417b1000 	C:\WINDOWS\System32\SHLWAPI.dll
0x00007ff8349e0000 - 0x00007ff8349f0000 	C:\Xilinx\Vivado\2016.4\lib\win64.o\libboost_date_time.dll
0x00007ff83ff70000 - 0x00007ff83ff81000 	C:\WINDOWS\System32\kernel.appcore.dll
0x00007ff82b130000 - 0x00007ff82b183000 	C:\Xilinx\Vivado\2016.4\lib\win64.o\librdi_commonxillic.dll
0x00007ff83ff20000 - 0x00007ff83ff6c000 	C:\WINDOWS\System32\powrprof.dll
0x00007ff841a30000 - 0x00007ff841af0000 	C:\WINDOWS\System32\OLEAUT32.dll
0x00007ff83ff00000 - 0x00007ff83ff15000 	C:\WINDOWS\System32\profapi.dll
0x0000000058210000 - 0x0000000058337000 	C:\Xilinx\Vivado\2016.4\lib\win64.o\tcl85t.dll
0x00007ff842120000 - 0x00007ff842265000 	C:\WINDOWS\System32\ole32.dll
0x00007ff8410b0000 - 0x00007ff84111c000 	C:\WINDOWS\System32\WS2_32.dll
0x00007ff82b0b0000 - 0x00007ff82b127000 	C:\Xilinx\Vivado\2016.4\lib\win64.o\libboost_program_options.dll
0x00007ff83ff90000 - 0x00007ff83ffe6000 	C:\WINDOWS\System32\WINTRUST.dll
0x00007ff83fee0000 - 0x00007ff83fef1000 	C:\WINDOWS\System32\MSASN1.dll
0x00007ff81d690000 - 0x00007ff81d796000 	C:\Xilinx\Vivado\2016.4\lib\win64.o\libboost_regex.dll
0x00007ff8400e0000 - 0x00007ff8402a9000 	C:\WINDOWS\System32\CRYPT32.dll
0x00007ff8346b0000 - 0x00007ff8346b9000 	C:\Xilinx\Vivado\2016.4\lib\win64.o\libboost_system.dll
0x00007ff830bf0000 - 0x00007ff830c0d000 	C:\Xilinx\Vivado\2016.4\lib\win64.o\libboost_thread.dll
0x00007ff834650000 - 0x00007ff83465b000 	C:\Xilinx\Vivado\2016.4\lib\win64.o\libboost_xilinx.dll
0x00007ff822800000 - 0x00007ff822880000 	C:\Xilinx\Vivado\2016.4\lib\win64.o\libhdlpsolve.dll
0x00007ff81d860000 - 0x00007ff81d8fa000 	C:\Xilinx\Vivado\2016.4\lib\win64.o\libhdxml.dll
0x00007ff810c20000 - 0x00007ff810fe9000 	C:\Xilinx\Vivado\2016.4\lib\win64.o\libisl_iostreams.dll
0x00007ff82b080000 - 0x00007ff82b0aa000 	C:\Xilinx\Vivado\2016.4\lib\win64.o\libisl_sysinfo.dll
0x0000000056f40000 - 0x00000000577c9000 	C:\Xilinx\Vivado\2016.4\tps\win64\jre\bin\server\jvm.dll
0x00007ff828dd0000 - 0x00007ff828de5000 	C:\Xilinx\Vivado\2016.4\lib\win64.o\pthreadVC2.dll
0x00007ff8194c0000 - 0x00007ff8195f0000 	C:\Xilinx\Vivado\2016.4\lib\win64.o\librdi_curl.dll
0x00007ff820fc0000 - 0x00007ff820fd8000 	C:\Xilinx\Vivado\2016.4\lib\win64.o\librdiconfig.dll
0x00007ff820f10000 - 0x00007ff820f2f000 	C:\Xilinx\Vivado\2016.4\lib\win64.o\librdizlib.dll
0x0000000012000000 - 0x0000000012263000 	C:\Xilinx\Vivado\2016.4\lib\win64.o\xerces-c_3_1.dll
0x00007ff837020000 - 0x00007ff8370f7000 	C:\WINDOWS\SYSTEM32\WINHTTP.dll
0x00007ff833360000 - 0x00007ff83368e000 	C:\WINDOWS\SYSTEM32\WININET.dll
0x00007ff835e60000 - 0x00007ff836027000 	C:\WINDOWS\SYSTEM32\urlmon.dll
0x00007ff838bc0000 - 0x00007ff838bca000 	C:\WINDOWS\SYSTEM32\VERSION.dll
0x00007ff832e50000 - 0x00007ff832e67000 	C:\WINDOWS\SYSTEM32\NETAPI32.dll
0x00007ff83c3a0000 - 0x00007ff83c446000 	C:\WINDOWS\WinSxS\amd64_microsoft.windows.common-controls_6595b64144ccf1df_5.82.15063.413_none_0e0f5dcc67adff4e\COMCTL32.dll
0x00007ff8361f0000 - 0x00007ff8361f9000 	C:\WINDOWS\SYSTEM32\WSOCK32.dll
0x00007ff81fe00000 - 0x00007ff81fe23000 	C:\WINDOWS\SYSTEM32\VCOMP110.DLL
0x00007ff834260000 - 0x00007ff83426b000 	C:\Xilinx\Vivado\2016.4\lib\win64.o\libboost_chrono.dll
0x00007ff81fd70000 - 0x00007ff81fd86000 	C:\Xilinx\Vivado\2016.4\lib\win64.o\libboost_iostreams.dll
0x00007ff81fc80000 - 0x00007ff81fca3000 	C:\Xilinx\Vivado\2016.4\lib\win64.o\libisl_iosutils.dll
0x00007ff836ff0000 - 0x00007ff837013000 	C:\WINDOWS\SYSTEM32\WINMM.dll
0x00000000587d0000 - 0x00000000588a1000 	C:\WINDOWS\SYSTEM32\MSVCR100.dll
0x00007ff8343c0000 - 0x00007ff83464a000 	C:\WINDOWS\SYSTEM32\iertutil.dll
0x00007ff836fc0000 - 0x00007ff836feb000 	C:\WINDOWS\SYSTEM32\WINMMBASE.dll
0x00007ff83fe00000 - 0x00007ff83fe0b000 	C:\WINDOWS\SYSTEM32\CRYPTBASE.DLL
0x00007ff8438d0000 - 0x00007ff8438fd000 	C:\WINDOWS\System32\IMM32.DLL
0x00007ff8107d0000 - 0x00007ff810c1f000 	C:\Xilinx\Vivado\2016.4\lib\win64.o\librdi_commontasks.dll
0x00007ff8144d0000 - 0x00007ff8146d7000 	C:\Xilinx\Vivado\2016.4\lib\win64.o\librdi_sio.dll
0x00007ff83f530000 - 0x00007ff83f567000 	C:\WINDOWS\SYSTEM32\IPHLPAPI.DLL
0x00007ff802750000 - 0x00007ff8044b6000 	C:\Xilinx\Vivado\2016.4\lib\win64.o\librdi_tcltasks.dll
0x00007ff816ca0000 - 0x00007ff816dfe000 	C:\Xilinx\Vivado\2016.4\lib\win64.o\librdi_board.dll
0x00007ff81d620000 - 0x00007ff81d686000 	C:\Xilinx\Vivado\2016.4\lib\win64.o\librdi_boarddep.dll
0x00007ff810280000 - 0x00007ff810598000 	C:\Xilinx\Vivado\2016.4\lib\win64.o\librdi_bitstream.dll
0x00007ff810040000 - 0x00007ff810276000 	C:\Xilinx\Vivado\2016.4\lib\win64.o\librdi_chipscope.dll
0x00007ff806dc0000 - 0x00007ff808092000 	C:\Xilinx\Vivado\2016.4\lib\win64.o\librdi_constraints.dll
0x00007ff819740000 - 0x00007ff819823000 	C:\Xilinx\Vivado\2016.4\lib\win64.o\librdi_containers.dll
0x00007ffffd350000 - 0x00007ffffffdc000 	C:\Xilinx\Vivado\2016.4\lib\win64.o\librdi_coregen.dll
0x00007ffff9a20000 - 0x00007ffffd34f000 	C:\Xilinx\Vivado\2016.4\lib\win64.o\librdi_designutils.dll
0x00007ffff0ae0000 - 0x00007ffff9a13000 	C:\Xilinx\Vivado\2016.4\lib\win64.o\librdi_device.dll
0x00007ff80fbf0000 - 0x00007ff80fe2f000 	C:\Xilinx\Vivado\2016.4\lib\win64.o\librdi_dlyest.dll
0x00007ff809cc0000 - 0x00007ff80a1f6000 	C:\Xilinx\Vivado\2016.4\lib\win64.o\librdi_drc.dll
0x00007ff8193f0000 - 0x00007ff8194b1000 	C:\Xilinx\Vivado\2016.4\lib\win64.o\librdi_dsp.dll
0x00007ff80f9a0000 - 0x00007ff80fbe9000 	C:\Xilinx\Vivado\2016.4\lib\win64.o\librdi_guitools.dll
0x00007ff8063a0000 - 0x00007ff8069de000 	C:\Xilinx\Vivado\2016.4\lib\win64.o\librdi_filemgmt.dll
0x00007ff805de0000 - 0x00007ff806397000 	C:\Xilinx\Vivado\2016.4\lib\win64.o\librdi_memdata.dll
0x00007ff809860000 - 0x00007ff809cb3000 	C:\Xilinx\Vivado\2016.4\lib\win64.o\librdi_netlist.dll
0x00007ff81d820000 - 0x00007ff81d85b000 	C:\Xilinx\Vivado\2016.4\lib\win64.o\librdi_pfi.dll
0x00007ff800c80000 - 0x00007ff80274f000 	C:\Xilinx\Vivado\2016.4\lib\win64.o\librdi_place.dll
0x00007ff8057c0000 - 0x00007ff805dd7000 	C:\Xilinx\Vivado\2016.4\lib\win64.o\librdi_power.dll
0x00007ff8007c0000 - 0x00007ff800c7e000 	C:\Xilinx\Vivado\2016.4\lib\win64.o\librdi_project.dll
0x00007ff800230000 - 0x00007ff8007b2000 	C:\Xilinx\Vivado\2016.4\lib\win64.o\librdi_psta.dll
0x00007fffefe10000 - 0x00007ffff0ad2000 	C:\Xilinx\Vivado\2016.4\lib\win64.o\librdi_route.dll
0x00007fffef7e0000 - 0x00007fffefe0a000 	C:\Xilinx\Vivado\2016.4\lib\win64.o\librdi_rsb.dll
0x00007ff80b840000 - 0x00007ff80bb70000 	C:\Xilinx\Vivado\2016.4\lib\win64.o\librdi_runs.dll
0x00007ff81d5c0000 - 0x00007ff81d61c000 	C:\Xilinx\Vivado\2016.4\lib\win64.o\librdi_runsbase.dll
0x00007ff815d30000 - 0x00007ff815ed0000 	C:\Xilinx\Vivado\2016.4\lib\win64.o\librdi_simdata.dll
0x00007ff817870000 - 0x00007ff8178d3000 	C:\Xilinx\Vivado\2016.4\lib\win64.o\liblmx6.0.dll
0x00007fffeecb0000 - 0x00007fffef7e0000 	C:\Xilinx\Vivado\2016.4\lib\win64.o\librdi_timing.dll
0x00007ff817230000 - 0x00007ff817277000 	C:\Xilinx\Vivado\2016.4\lib\win64.o\libboost_serialization.dll
0x00007fffed700000 - 0x00007fffedc40000 	C:\Xilinx\Vivado\2016.4\lib\win64.o\librdi_xdm.dll
0x00007fffedc40000 - 0x00007fffee5e5000 	C:\Xilinx\Vivado\2016.4\lib\win64.o\libverific.dll
0x00007ff81c940000 - 0x00007ff81c974000 	C:\Xilinx\Vivado\2016.4\lib\win64.o\libnoc_ntf_reader.dll
0x00007fffee5f0000 - 0x00007fffeeca4000 	C:\Xilinx\Vivado\2016.4\lib\win64.o\librdi_coregenipxact.dll
0x00007ff817190000 - 0x00007ff817227000 	C:\Xilinx\Vivado\2016.4\lib\win64.o\libise.dll
0x00007ff8053e0000 - 0x00007ff8057b3000 	C:\Xilinx\Vivado\2016.4\lib\win64.o\librdi_wavedata.dll
0x00007ff81c880000 - 0x00007ff81c8bc000 	C:\Xilinx\Vivado\2016.4\lib\win64.o\librdi_wavedata_SimpleApi.dll
0x00007ff816f80000 - 0x00007ff816fc3000 	C:\Xilinx\Vivado\2016.4\lib\win64.o\librdi_hdf.dll
0x00007ff806bc0000 - 0x00007ff806db8000 	C:\Xilinx\Vivado\2016.4\lib\win64.o\librdi_hsm.dll
0x00007fffe8ab0000 - 0x00007fffe906c000 	C:\Xilinx\Vivado\2016.4\lib\win64.o\librdi_abc_nomp.dll
0x00007ff81f830000 - 0x00007ff81f849000 	C:\Xilinx\Vivado\2016.4\lib\win64.o\librdi_hmetis.dll
0x00007fffeab40000 - 0x00007fffec393000 	C:\Xilinx\Vivado\2016.4\lib\win64.o\librdi_mig.dll
0x00007fffeca70000 - 0x00007fffed6fe000 	C:\Xilinx\Vivado\2016.4\lib\win64.o\librdi_implflow.dll
0x00007fffec3a0000 - 0x00007fffeca6d000 	C:\Xilinx\Vivado\2016.4\lib\win64.o\librdi_labtools.dll
0x00007ff816f30000 - 0x00007ff816f7d000 	C:\Xilinx\Vivado\2016.4\lib\win64.o\librdi_projectbase.dll
0x00007fffe9070000 - 0x00007fffeab38000 	C:\Xilinx\Vivado\2016.4\lib\win64.o\librdi_synth.dll
0x00007ff816280000 - 0x00007ff816335000 	C:\Xilinx\Vivado\2016.4\lib\win64.o\librdi_hwh.dll
0x00007ff816ea0000 - 0x00007ff816f22000 	C:\Xilinx\Vivado\2016.4\lib\win64.o\librdi_simbridge_kernel.dll

VM Arguments:
jvm_args: -Dsun.java2d.pmoffscreen=false -Dsun.java2d.d3d=false -Dsun.awt.nopixfmt=true -Xverify:none -Dswing.aatext=true -XX:-UsePerfData -Djdk.map.althashing.threshold=512 -XX:StringTableSize=4072 -XX:NewSize=60m -XX:MaxNewSize=60m -Xms128m -Xmx3072m -Xss5m 
java_command: <unknown>
java_class_path (initial): C:/Xilinx/Vivado/2016.4\lib\classes\alloy.jar;C:/Xilinx/Vivado/2016.4\lib\classes\batik-anim.jar;C:/Xilinx/Vivado/2016.4\lib\classes\batik-awt-util.jar;C:/Xilinx/Vivado/2016.4\lib\classes\batik-bridge.jar;C:/Xilinx/Vivado/2016.4\lib\classes\batik-codec.jar;C:/Xilinx/Vivado/2016.4\lib\classes\batik-css.jar;C:/Xilinx/Vivado/2016.4\lib\classes\batik-dom.jar;C:/Xilinx/Vivado/2016.4\lib\classes\batik-ext.jar;C:/Xilinx/Vivado/2016.4\lib\classes\batik-gui-util.jar;C:/Xilinx/Vivado/2016.4\lib\classes\batik-gvt.jar;C:/Xilinx/Vivado/2016.4\lib\classes\batik-parser.jar;C:/Xilinx/Vivado/2016.4\lib\classes\batik-script.jar;C:/Xilinx/Vivado/2016.4\lib\classes\batik-svg-dom.jar;C:/Xilinx/Vivado/2016.4\lib\classes\batik-swing.jar;C:/Xilinx/Vivado/2016.4\lib\classes\batik-transcoder.jar;C:/Xilinx/Vivado/2016.4\lib\classes\batik-util.jar;C:/Xilinx/Vivado/2016.4\lib\classes\batik-xml.jar;C:/Xilinx/Vivado/2016.4\lib\classes\commons-math-2.2.jar;C:/Xilinx/Vivado/2016.4\lib\classes\dom4j-1.6.1.jar;C:/Xilinx/Vivado/2016.4\lib\classes\forms.jar;C:/Xilinx/Vivado/2016.4\lib\classes\guava-18.0.jar;C:/Xilinx/Vivado/2016.4\lib\classes\help.jar;C:/Xilinx/Vivado/2016.4\lib\classes\hsqldb.jar;C:/Xilinx/Vivado/2016.4\lib\classes\jh.jar;C:/Xilinx/Vivado/2016.4\lib\classes\jide-action.jar;C:/Xilinx/Vivado/2016.4\lib\classes\jide-charts.jar;C:/Xilinx/Vivado/2016.4\lib\classes\jide-common.jar;C:/Xilinx/Vivado/2016.4\lib\classes\jide-components.jar;C:/Xilinx/Vivado/2016.4\lib\classes\jide-dashboard.jar;C:/Xilinx/Vivado/2016.4\lib\classes\jide-data.jar;C:/Xilinx/Vivado/2016.4\lib\classes\jide-dialogs.jar;C:/Xilinx/Vivado/2016.4\lib\classes\jide-diff.jar;C:/Xilinx/Vivado/2016.4\lib\classes\jide-dock.jar;C:/Xilinx/Vivado/2016.4\lib\classes\jide-editor.jar;C:/Xilinx/Vivado/2016.4\lib\classes\jide-gantt.jar;C:/Xilinx/Vivado/2016.4\lib\classes\jide-grids.jar;C:/Xilinx/Vivado/2016.4\lib\classes\jide-pivot.jar;C:/Xilinx/Vivado/2016.4\lib\classes\jide-plaf-jdk7.jar;C:/Xilinx/Vivado/2
Launcher Type: generic

Environment Variables:
PATH=C:/Xilinx/Vivado/2016.4/bin;C:/Xilinx/Vivado/2016.4/lib/win64.o;C:/Xilinx/Vivado/2016.4/tps/win64/jre/bin/server;C:/Xilinx/Vivado/2016.4/tps/win64/jre/bin;C:/Xilinx/SDK/2016.4/bin;C:/Xilinx/Vivado/2016.4/ids_lite/ISE/bin/nt64;C:/Xilinx/Vivado/2016.4/ids_lite/ISE/lib/nt64;C:/Xilinx/Vivado_HLS/2016.4/bin;C:\ProgramData\Oracle\Java\javapath;C:\Program Files (x86)\Intel\iCLS Client\;C:\Program Files\Intel\iCLS Client\;C:\WINDOWS\system32;C:\WINDOWS;C:\WINDOWS\System32\Wbem;C:\WINDOWS\System32\WindowsPowerShell\v1.0\;C:\Program Files (x86)\Intel\Intel(R) Management Engine Components\DAL;C:\Program Files\Intel\Intel(R) Management Engine Components\DAL;C:\Program Files (x86)\Intel\Intel(R) Management Engine Components\IPT;C:\Program Files\Intel\Intel(R) Management Engine Components\IPT;C:\Users\Sebastián Quiroz\AppData\Local\Microsoft\WindowsApps;
USERNAME=Sebastián Quiroz
OS=Windows_NT
PROCESSOR_IDENTIFIER=Intel64 Family 6 Model 142 Stepping 9, GenuineIntel



---------------  S Y S T E M  ---------------

OS: Windows 10.0 , 64 bit Build 15063 (10.0.15063.296)

CPU:total 4 (2 cores per cpu, 2 threads per core) family 6 model 142 stepping 9, cmov, cx8, fxsr, mmx, sse, sse2, sse3, ssse3, sse4.1, sse4.2, popcnt, avx, avx2, aes, clmul, erms, 3dnowpref, lzcnt, ht, tsc, tscinvbit, bmi1, bmi2, adx

Memory: 4k page, physical 8271076k(4275352k free), swap 9581796k(3520720k free)

vm_info: Java HotSpot(TM) 64-Bit Server VM (25.66-b18) for windows-amd64 JRE (1.8.0_66-b18), built on Nov  9 2015 10:51:13 by "java_re" with MS VC++ 10.0 (VS2010)

time: Tue Aug 22 14:06:26 2017
elapsed time: 6532 seconds (0d 1h 48m 52s)

