#-----------------------------------------------------------
# Vivado v2016.4 (64-bit)
# SW Build 1756540 on Mon Jan 23 19:11:23 MST 2017
# IP Build 1755317 on Mon Jan 23 20:30:07 MST 2017
# Start of session at: Tue Aug 22 12:17:30 2017
# Process ID: 12248
# Current directory: C:/GitHub/LabDigitales2017/Final_Project
# Command line: vivado.exe -gui_launcher_event rodinguilauncherevent2704 C:\GitHub\LabDigitales2017\Final_Project\Final_Project.xpr
# Log file: C:/GitHub/LabDigitales2017/Final_Project/vivado.log
# Journal file: C:/GitHub/LabDigitales2017/Final_Project\vivado.jou
#-----------------------------------------------------------
start_gui
open_project C:/GitHub/LabDigitales2017/Final_Project/Final_Project.xpr
Scanning sources...
Finished scanning sources
INFO: [IP_Flow 19-234] Refreshing IP repositories
INFO: [IP_Flow 19-1704] No user IP repositories specified
INFO: [IP_Flow 19-2313] Loaded Vivado IP repository 'C:/Xilinx/Vivado/2016.4/data/ip'.
reset_run synth_1
launch_runs impl_1 -to_step write_bitstream -jobs 4
[Tue Aug 22 12:19:33 2017] Launched synth_1...
Run output will be captured here: C:/GitHub/LabDigitales2017/Final_Project/Final_Project.runs/synth_1/runme.log
[Tue Aug 22 12:19:33 2017] Launched impl_1...
Run output will be captured here: C:/GitHub/LabDigitales2017/Final_Project/Final_Project.runs/impl_1/runme.log
reset_run synth_1
import_files -norecurse {{C:/Users/Sebastián Quiroz/Downloads/take_sample.v}}
import_files -norecurse {{C:/Users/Sebastián Quiroz/Desktop/ejemplo_temperatura_en_display/TWICtl.vhd} {C:/Users/Sebastián Quiroz/Desktop/ejemplo_temperatura_en_display/TempSensorCtl.vhd}}
launch_runs impl_1 -to_step write_bitstream -jobs 4
[Tue Aug 22 13:23:59 2017] Launched synth_1...
Run output will be captured here: C:/GitHub/LabDigitales2017/Final_Project/Final_Project.runs/synth_1/runme.log
[Tue Aug 22 13:23:59 2017] Launched impl_1...
Run output will be captured here: C:/GitHub/LabDigitales2017/Final_Project/Final_Project.runs/impl_1/runme.log
reset_run synth_1
launch_runs impl_1 -to_step write_bitstream -jobs 4
[Tue Aug 22 13:25:19 2017] Launched synth_1...
Run output will be captured here: C:/GitHub/LabDigitales2017/Final_Project/Final_Project.runs/synth_1/runme.log
[Tue Aug 22 13:25:19 2017] Launched impl_1...
Run output will be captured here: C:/GitHub/LabDigitales2017/Final_Project/Final_Project.runs/impl_1/runme.log
reset_run synth_1
launch_runs impl_1 -to_step write_bitstream -jobs 4
[Tue Aug 22 13:30:51 2017] Launched synth_1...
Run output will be captured here: C:/GitHub/LabDigitales2017/Final_Project/Final_Project.runs/synth_1/runme.log
[Tue Aug 22 13:30:51 2017] Launched impl_1...
Run output will be captured here: C:/GitHub/LabDigitales2017/Final_Project/Final_Project.runs/impl_1/runme.log
open_run impl_1
INFO: [Netlist 29-17] Analyzing 5 Unisim elements for replacement
INFO: [Netlist 29-28] Unisim Transformation completed in 0 CPU seconds
INFO: [Project 1-479] Netlist was created with Vivado 2016.4
INFO: [Device 21-403] Loading part xc7a100tcsg324-1
INFO: [Project 1-570] Preparing netlist for logic optimization
Parsing XDC File [C:/GitHub/LabDigitales2017/Final_Project/.Xil/Vivado-12248-PC-SEBAQ/dcp/Final_Project_early.xdc]
INFO: [Timing 38-35] Done setting XDC timing constraints. [C:/GitHub/LabDigitales2017/Final_Project/Final_Project.srcs/sources_1/ip/clk_wiz_0/clk_wiz_0.xdc:57]
INFO: [Timing 38-2] Deriving generated clocks [C:/GitHub/LabDigitales2017/Final_Project/Final_Project.srcs/sources_1/ip/clk_wiz_0/clk_wiz_0.xdc:57]
get_clocks: Time (s): cpu = 00:00:12 ; elapsed = 00:00:12 . Memory (MB): peak = 1567.840 ; gain = 511.449
Finished Parsing XDC File [C:/GitHub/LabDigitales2017/Final_Project/.Xil/Vivado-12248-PC-SEBAQ/dcp/Final_Project_early.xdc]
Parsing XDC File [C:/GitHub/LabDigitales2017/Final_Project/.Xil/Vivado-12248-PC-SEBAQ/dcp/Final_Project.xdc]
Finished Parsing XDC File [C:/GitHub/LabDigitales2017/Final_Project/.Xil/Vivado-12248-PC-SEBAQ/dcp/Final_Project.xdc]
Reading XDEF placement.
Reading placer database...
Reading XDEF routing.
Read XDEF File: Time (s): cpu = 00:00:00 ; elapsed = 00:00:00.141 . Memory (MB): peak = 1567.863 ; gain = 0.000
Restored from archive | CPU: 0.000000 secs | Memory: 0.000000 MB |
Finished XDEF File Restore: Time (s): cpu = 00:00:00 ; elapsed = 00:00:00.156 . Memory (MB): peak = 1567.863 ; gain = 0.000
INFO: [Project 1-111] Unisim Transformation Summary:
No Unisim elements were transformed.

open_run: Time (s): cpu = 00:00:28 ; elapsed = 00:00:24 . Memory (MB): peak = 1704.422 ; gain = 875.301
close_design
open_hw
connect_hw_server
INFO: [Labtools 27-2285] Connecting to hw_server url TCP:localhost:3121
open_hw_target
INFO: [Labtoolstcl 44-466] Opening hw_target localhost:3121/xilinx_tcf/Digilent/210292A3FFD8A
set_property PROGRAM.FILE {C:/GitHub/LabDigitales2017/Final_Project/Final_Project.runs/impl_1/Final_Project.bit} [lindex [get_hw_devices xc7a100t_0] 0]
current_hw_device [lindex [get_hw_devices xc7a100t_0] 0]
refresh_hw_device -update_hw_probes false [lindex [get_hw_devices xc7a100t_0] 0]
INFO: [Labtools 27-1434] Device xc7a100t (JTAG device index = 0) is programmed with a design that has no supported debug core(s) in it.
WARNING: [Labtools 27-3123] The debug hub core was not detected at User Scan Chain 1 or 3.
Resolution: 
1. Make sure the clock connected to the debug hub (dbg_hub) core is a free running clock and is active OR
2. Manually launch hw_server with -e "set xsdb-user-bscan <C_USER_SCAN_CHAIN scan_chain_number>" to detect the debug hub at User Scan Chain of 2 or 4. To determine the user scan chain setting, open the implemented design and use: get_property C_USER_SCAN_CHAIN [get_debug_cores dbg_hub].
set_property PROBES.FILE {} [lindex [get_hw_devices xc7a100t_0] 0]
set_property PROGRAM.FILE {C:/GitHub/LabDigitales2017/Final_Project/Final_Project.runs/impl_1/Final_Project.bit} [lindex [get_hw_devices xc7a100t_0] 0]
program_hw_devices [lindex [get_hw_devices xc7a100t_0] 0]
INFO: [Labtools 27-3164] End of startup status: HIGH
refresh_hw_device [lindex [get_hw_devices xc7a100t_0] 0]
INFO: [Labtools 27-1434] Device xc7a100t (JTAG device index = 0) is programmed with a design that has no supported debug core(s) in it.
WARNING: [Labtools 27-3123] The debug hub core was not detected at User Scan Chain 1 or 3.
Resolution: 
1. Make sure the clock connected to the debug hub (dbg_hub) core is a free running clock and is active OR
2. Manually launch hw_server with -e "set xsdb-user-bscan <C_USER_SCAN_CHAIN scan_chain_number>" to detect the debug hub at User Scan Chain of 2 or 4. To determine the user scan chain setting, open the implemented design and use: get_property C_USER_SCAN_CHAIN [get_debug_cores dbg_hub].
WARNING: [Labtoolstcl 44-130] No matching hw_ilas were found.
WARNING: [Labtoolstcl 44-130] No matching hw_ilas were found.
WARNING: [Labtoolstcl 44-130] No matching hw_ilas were found.
WARNING: [Labtoolstcl 44-130] No matching hw_ilas were found.
reset_run synth_1
launch_runs impl_1 -to_step write_bitstream -jobs 4
[Tue Aug 22 13:39:58 2017] Launched synth_1...
Run output will be captured here: C:/GitHub/LabDigitales2017/Final_Project/Final_Project.runs/synth_1/runme.log
[Tue Aug 22 13:39:58 2017] Launched impl_1...
Run output will be captured here: C:/GitHub/LabDigitales2017/Final_Project/Final_Project.runs/impl_1/runme.log
set_property PROBES.FILE {} [lindex [get_hw_devices xc7a100t_0] 0]
set_property PROGRAM.FILE {C:/GitHub/LabDigitales2017/Final_Project/Final_Project.runs/impl_1/Final_Project.bit} [lindex [get_hw_devices xc7a100t_0] 0]
program_hw_devices [lindex [get_hw_devices xc7a100t_0] 0]
INFO: [Labtools 27-3164] End of startup status: HIGH
refresh_hw_device [lindex [get_hw_devices xc7a100t_0] 0]
INFO: [Labtools 27-1434] Device xc7a100t (JTAG device index = 0) is programmed with a design that has no supported debug core(s) in it.
WARNING: [Labtools 27-3123] The debug hub core was not detected at User Scan Chain 1 or 3.
Resolution: 
1. Make sure the clock connected to the debug hub (dbg_hub) core is a free running clock and is active OR
2. Manually launch hw_server with -e "set xsdb-user-bscan <C_USER_SCAN_CHAIN scan_chain_number>" to detect the debug hub at User Scan Chain of 2 or 4. To determine the user scan chain setting, open the implemented design and use: get_property C_USER_SCAN_CHAIN [get_debug_cores dbg_hub].
WARNING: [Labtoolstcl 44-130] No matching hw_ilas were found.
WARNING: [Labtoolstcl 44-130] No matching hw_ilas were found.
WARNING: [Labtoolstcl 44-130] No matching hw_ilas were found.
WARNING: [Labtoolstcl 44-130] No matching hw_ilas were found.
reset_run synth_1
launch_runs impl_1 -to_step write_bitstream -jobs 4
[Tue Aug 22 13:47:53 2017] Launched synth_1...
Run output will be captured here: C:/GitHub/LabDigitales2017/Final_Project/Final_Project.runs/synth_1/runme.log
[Tue Aug 22 13:47:53 2017] Launched impl_1...
Run output will be captured here: C:/GitHub/LabDigitales2017/Final_Project/Final_Project.runs/impl_1/runme.log
set_property PROBES.FILE {} [lindex [get_hw_devices xc7a100t_0] 0]
set_property PROGRAM.FILE {C:/GitHub/LabDigitales2017/Final_Project/Final_Project.runs/impl_1/Final_Project.bit} [lindex [get_hw_devices xc7a100t_0] 0]
program_hw_devices [lindex [get_hw_devices xc7a100t_0] 0]
INFO: [Labtools 27-3164] End of startup status: HIGH
refresh_hw_device [lindex [get_hw_devices xc7a100t_0] 0]
INFO: [Labtools 27-1434] Device xc7a100t (JTAG device index = 0) is programmed with a design that has no supported debug core(s) in it.
WARNING: [Labtools 27-3123] The debug hub core was not detected at User Scan Chain 1 or 3.
Resolution: 
1. Make sure the clock connected to the debug hub (dbg_hub) core is a free running clock and is active OR
2. Manually launch hw_server with -e "set xsdb-user-bscan <C_USER_SCAN_CHAIN scan_chain_number>" to detect the debug hub at User Scan Chain of 2 or 4. To determine the user scan chain setting, open the implemented design and use: get_property C_USER_SCAN_CHAIN [get_debug_cores dbg_hub].
WARNING: [Labtoolstcl 44-130] No matching hw_ilas were found.
WARNING: [Labtoolstcl 44-130] No matching hw_ilas were found.
WARNING: [Labtoolstcl 44-130] No matching hw_ilas were found.
WARNING: [Labtoolstcl 44-130] No matching hw_ilas were found.
reset_run synth_1
launch_runs impl_1 -to_step write_bitstream -jobs 4
[Tue Aug 22 13:54:12 2017] Launched synth_1...
Run output will be captured here: C:/GitHub/LabDigitales2017/Final_Project/Final_Project.runs/synth_1/runme.log
[Tue Aug 22 13:54:12 2017] Launched impl_1...
Run output will be captured here: C:/GitHub/LabDigitales2017/Final_Project/Final_Project.runs/impl_1/runme.log
reset_run impl_1
reset_run synth_1
launch_runs impl_1 -to_step write_bitstream -jobs 4
[Tue Aug 22 13:56:29 2017] Launched synth_1...
Run output will be captured here: C:/GitHub/LabDigitales2017/Final_Project/Final_Project.runs/synth_1/runme.log
[Tue Aug 22 13:56:29 2017] Launched impl_1...
Run output will be captured here: C:/GitHub/LabDigitales2017/Final_Project/Final_Project.runs/impl_1/runme.log
ERROR: [Labtools 27-2269] No devices detected on target localhost:3121/xilinx_tcf/Digilent/210292A3FFD8A.
Check cable connectivity and that the target board is powered up then
use the disconnect_hw_server and connect_hw_server to re-register this hardware target.
ERROR: [Labtoolstcl 44-513] HW Target shutdown. Closing target: localhost:3121/xilinx_tcf/Digilent/210292A3FFD8A
INFO: [Labtoolstcl 44-466] Opening hw_target localhost:3121/xilinx_tcf/Digilent/210292A3FFD8A
ERROR: [Labtools 27-2269] No devices detected on target localhost:3121/xilinx_tcf/Digilent/210292A3FFD8A.
Check cable connectivity and that the target board is powered up then
use the disconnect_hw_server and connect_hw_server to re-register this hardware target.
ERROR: [Common 17-39] 'open_hw_target' failed due to earlier errors.
disconnect_hw_server localhost:3121
INFO: [Labtools 27-2285] Connecting to hw_server url TCP:localhost:3121
ERROR: [Labtools 27-2269] No devices detected on target localhost:3121/xilinx_tcf/Digilent/210292A3FFD8A.
Check cable connectivity and that the target board is powered up then
use the disconnect_hw_server and connect_hw_server to re-register this hardware target.
disconnect_hw_server localhost:3121
connect_hw_server
INFO: [Labtools 27-2285] Connecting to hw_server url TCP:localhost:3121
open_hw_target
INFO: [Labtoolstcl 44-466] Opening hw_target localhost:3121/xilinx_tcf/Digilent/210292A3FFD8A
set_property PROGRAM.FILE {C:/GitHub/LabDigitales2017/Final_Project/Final_Project.runs/impl_1/Final_Project.bit} [lindex [get_hw_devices xc7a100t_0] 0]
current_hw_device [lindex [get_hw_devices xc7a100t_0] 0]
refresh_hw_device -update_hw_probes false [lindex [get_hw_devices xc7a100t_0] 0]
INFO: [Labtools 27-1435] Device xc7a100t (JTAG device index = 0) is not programmed (DONE status = 0).
set_property PROBES.FILE {} [lindex [get_hw_devices xc7a100t_0] 0]
set_property PROGRAM.FILE {C:/GitHub/LabDigitales2017/Final_Project/Final_Project.runs/impl_1/Final_Project.bit} [lindex [get_hw_devices xc7a100t_0] 0]
program_hw_devices [lindex [get_hw_devices xc7a100t_0] 0]
INFO: [Labtools 27-3164] End of startup status: HIGH
refresh_hw_device [lindex [get_hw_devices xc7a100t_0] 0]
INFO: [Labtools 27-1434] Device xc7a100t (JTAG device index = 0) is programmed with a design that has no supported debug core(s) in it.
WARNING: [Labtools 27-3123] The debug hub core was not detected at User Scan Chain 1 or 3.
Resolution: 
1. Make sure the clock connected to the debug hub (dbg_hub) core is a free running clock and is active OR
2. Manually launch hw_server with -e "set xsdb-user-bscan <C_USER_SCAN_CHAIN scan_chain_number>" to detect the debug hub at User Scan Chain of 2 or 4. To determine the user scan chain setting, open the implemented design and use: get_property C_USER_SCAN_CHAIN [get_debug_cores dbg_hub].
WARNING: [Labtoolstcl 44-130] No matching hw_ilas were found.
WARNING: [Labtoolstcl 44-130] No matching hw_ilas were found.
WARNING: [Labtoolstcl 44-130] No matching hw_ilas were found.
WARNING: [Labtoolstcl 44-130] No matching hw_ilas were found.
ERROR: [Labtools 27-2269] No devices detected on target localhost:3121/xilinx_tcf/Digilent/210292A3FFD8A.
Check cable connectivity and that the target board is powered up then
use the disconnect_hw_server and connect_hw_server to re-register this hardware target.
INFO: [Labtools 27-1435] Device xc7a100t (JTAG device index = 0) is not programmed (DONE status = 0).
