#-----------------------------------------------------------
# Vivado v2017.1 (64-bit)
# SW Build 1846317 on Fri Apr 14 18:55:03 MDT 2017
# IP Build 1846188 on Fri Apr 14 20:52:08 MDT 2017
# Start of session at: Mon Jun 19 01:34:25 2017
# Process ID: 192
# Current directory: C:/GitHub/LabDigitales2017/Lab5_MasterSlave
# Command line: vivado.exe -gui_launcher_event rodinguilauncherevent8516 C:\GitHub\LabDigitales2017\Lab5_MasterSlave\Lab5_MasterSlave.xpr
# Log file: C:/GitHub/LabDigitales2017/Lab5_MasterSlave/vivado.log
# Journal file: C:/GitHub/LabDigitales2017/Lab5_MasterSlave\vivado.jou
#-----------------------------------------------------------
start_gui
open_project C:/GitHub/LabDigitales2017/Lab5_MasterSlave/Lab5_MasterSlave.xpr
Scanning sources...
Finished scanning sources
INFO: [Project 1-230] Project 'Lab5_MasterSlave.xpr' upgraded for this version of Vivado.
INFO: [IP_Flow 19-234] Refreshing IP repositories
INFO: [IP_Flow 19-1704] No user IP repositories specified
INFO: [IP_Flow 19-2313] Loaded Vivado IP repository 'C:/Xilinx/Vivado/2017.1/data/ip'.
open_project: Time (s): cpu = 00:00:09 ; elapsed = 00:00:06 . Memory (MB): peak = 766.012 ; gain = 18.086
update_compile_order -fileset sources_1
reset_run synth_1
launch_runs synth_1 -jobs 4
[Mon Jun 19 01:38:25 2017] Launched synth_1...
Run output will be captured here: C:/GitHub/LabDigitales2017/Lab5_MasterSlave/Lab5_MasterSlave.runs/synth_1/runme.log
reset_run synth_1
launch_runs synth_1 -jobs 4
[Mon Jun 19 01:44:38 2017] Launched synth_1...
Run output will be captured here: C:/GitHub/LabDigitales2017/Lab5_MasterSlave/Lab5_MasterSlave.runs/synth_1/runme.log
reset_run synth_1
launch_runs synth_1 -jobs 4
[Mon Jun 19 01:49:59 2017] Launched synth_1...
Run output will be captured here: C:/GitHub/LabDigitales2017/Lab5_MasterSlave/Lab5_MasterSlave.runs/synth_1/runme.log
reset_run synth_1
launch_runs synth_1 -jobs 4
[Mon Jun 19 02:04:05 2017] Launched synth_1...
Run output will be captured here: C:/GitHub/LabDigitales2017/Lab5_MasterSlave/Lab5_MasterSlave.runs/synth_1/runme.log
exit
INFO: [Common 17-206] Exiting Vivado at Mon Jun 19 02:07:41 2017...
