#-----------------------------------------------------------
# Vivado v2016.4 (64-bit)
# SW Build 1756540 on Mon Jan 23 19:11:23 MST 2017
# IP Build 1755317 on Mon Jan 23 20:30:07 MST 2017
# Start of session at: Fri Jul 28 19:21:17 2017
# Process ID: 8768
# Current directory: C:/Users/Diego/LabDigitales2017/Lab5_MasterSlave
# Command line: vivado.exe -gui_launcher_event rodinguilauncherevent10152 C:\Users\Diego\LabDigitales2017\Lab5_MasterSlave\Lab5_MasterSlave.xpr
# Log file: C:/Users/Diego/LabDigitales2017/Lab5_MasterSlave/vivado.log
# Journal file: C:/Users/Diego/LabDigitales2017/Lab5_MasterSlave\vivado.jou
#-----------------------------------------------------------
start_gui
open_project C:/Users/Diego/LabDigitales2017/Lab5_MasterSlave/Lab5_MasterSlave.xpr
INFO: [Project 1-313] Project file moved from 'C:/GitHub/LabDigitales2017/Lab5_MasterSlave' since last save.
Scanning sources...
Finished scanning sources
ERROR: [Project 1-510] Parsing generated run data failed
open_project C:/Users/Diego/LabDigitales2017/Lab5_MasterSlave/Lab5_MasterSlave.xpr
INFO: [Project 1-313] Project file moved from 'C:/GitHub/LabDigitales2017/Lab5_MasterSlave' since last save.
Scanning sources...
Finished scanning sources
ERROR: [Project 1-510] Parsing generated run data failed
exit
INFO: [Common 17-206] Exiting Vivado at Fri Jul 28 19:23:01 2017...
