#-----------------------------------------------------------
# Vivado v2016.4 (64-bit)
# SW Build 1756540 on Mon Jan 23 19:11:23 MST 2017
# IP Build 1755317 on Mon Jan 23 20:30:07 MST 2017
# Start of session at: Sun Aug 20 18:12:07 2017
# Process ID: 9228
# Current directory: C:/GitHub/LabDigitales2017/Lab_6_Complete
# Command line: vivado.exe -gui_launcher_event rodinguilauncherevent14772 C:\GitHub\LabDigitales2017\Lab_6_Complete\Lab_6_Complete.xpr
# Log file: C:/GitHub/LabDigitales2017/Lab_6_Complete/vivado.log
# Journal file: C:/GitHub/LabDigitales2017/Lab_6_Complete\vivado.jou
#-----------------------------------------------------------
start_gui
open_project C:/GitHub/LabDigitales2017/Lab_6_Complete/Lab_6_Complete.xpr
INFO: [Project 1-313] Project file moved from 'C:/Users/Diego/LabDigitales2017/Lab_6_Complete' since last save.
Scanning sources...
Finished scanning sources
INFO: [IP_Flow 19-234] Refreshing IP repositories
INFO: [IP_Flow 19-1704] No user IP repositories specified
INFO: [IP_Flow 19-2313] Loaded Vivado IP repository 'C:/Xilinx/Vivado/2016.4/data/ip'.
exit
INFO: [Common 17-206] Exiting Vivado at Sun Aug 20 20:22:03 2017...
